\BOOKMARK [1][-]{section.1}{Introduction}{}% 1
\BOOKMARK [1][-]{section.2}{Regular String Types, Minimally}{}% 2
\BOOKMARK [2][-]{subsection.2.1}{The Language of Constrained Strings: RS}{section.2}% 3
\BOOKMARK [3][-]{subsubsection.2.1.1}{Concatenation and String Decomposition}{subsection.2.1}% 4
\BOOKMARK [3][-]{subsubsection.2.1.2}{Coercion}{subsection.2.1}% 5
\BOOKMARK [3][-]{subsubsection.2.1.3}{Replacement}{subsection.2.1}% 6
\BOOKMARK [3][-]{subsubsection.2.1.4}{Definition of Substitution and Replacement for Regular Languages}{subsection.2.1}% 7
\BOOKMARK [3][-]{subsubsection.2.1.5}{Safety}{subsection.2.1}% 8
\BOOKMARK [3][-]{subsubsection.2.1.6}{The Security Theorem}{subsection.2.1}% 9
\BOOKMARK [2][-]{subsection.2.2}{A Target Language with a Regular Expression Library: P}{section.2}% 10
\BOOKMARK [3][-]{subsubsection.2.2.1}{Safety}{subsection.2.2}% 11
\BOOKMARK [3][-]{subsubsection.2.2.2}{Correctness}{subsection.2.2}% 12
\BOOKMARK [2][-]{subsection.2.3}{Translation from RS to P}{section.2}% 13
\BOOKMARK [3][-]{subsubsection.2.3.1}{Correctness of Translation}{subsection.2.3}% 14
\BOOKMARK [3][-]{subsubsection.2.3.2}{Preservation of Security}{subsection.2.3}% 15
\BOOKMARK [2][-]{subsection.2.4}{Definition of RS}{section.2}% 16
\BOOKMARK [2][-]{subsection.2.5}{Definition of P}{section.2}% 17
\BOOKMARK [2][-]{subsection.2.6}{Definition of Translation}{section.2}% 18
\BOOKMARK [2][-]{subsection.2.7}{Properties of Regular Languages}{section.2}% 19
\BOOKMARK [2][-]{subsection.2.8}{Safety of the Source and Target Languages}{section.2}% 20
\BOOKMARK [2][-]{subsection.2.9}{Translation Correctness}{section.2}% 21
\BOOKMARK [1][-]{section.3}{Implementation in Atlang}{}% 22
\BOOKMARK [2][-]{subsection.3.1}{An Example}{section.3}% 23
\BOOKMARK [1][-]{section.4}{Implementation in Atlang}{}% 24
\BOOKMARK [2][-]{subsection.4.1}{Implementation of the Regular Expression Type}{section.4}% 25
\BOOKMARK [2][-]{subsection.4.2}{Example Usage}{section.4}% 26
\BOOKMARK [2][-]{subsection.4.3}{Implementation of the Regular Expression Type}{section.4}% 27
\BOOKMARK [1][-]{section.5}{Related Work and Alternative Approaches}{}% 28
\BOOKMARK [1][-]{section.6}{Conclusion}{}% 29
\BOOKMARK [1][-]{section.7}{References}{}% 30
