\BOOKMARK [1][-]{section.1}{Internal Language}{}% 1
\BOOKMARK [2][-]{subsection.1.1}{Internal Statics}{section.1}% 2
\BOOKMARK [2][-]{subsection.1.2}{Internal Substitutions}{section.1}% 3
\BOOKMARK [1][-]{section.2}{Tycon Contexts}{}% 4
\BOOKMARK [2][-]{subsection.2.1}{Validity}{section.2}% 5
\BOOKMARK [2][-]{subsection.2.2}{Signature Validity}{section.2}% 6
\BOOKMARK [1][-]{section.3}{Static Language}{}% 7
\BOOKMARK [2][-]{subsection.3.1}{Syntax}{section.3}% 8
\BOOKMARK [2][-]{subsection.3.2}{Kinds}{section.3}% 9
\BOOKMARK [3][-]{subsubsection.3.2.1}{Kind Formation}{subsection.3.2}% 10
\BOOKMARK [3][-]{subsubsection.3.2.2}{Equality Kinds}{subsection.3.2}% 11
\BOOKMARK [3][-]{subsubsection.3.2.3}{Kinding Contexts}{subsection.3.2}% 12
\BOOKMARK [2][-]{subsection.3.3}{Kinding}{section.3}% 13
\BOOKMARK [2][-]{subsection.3.4}{Static Dynamics}{section.3}% 14
\BOOKMARK [3][-]{subsubsection.3.4.1}{Canonical Forms}{subsection.3.4}% 15
\BOOKMARK [2][-]{subsection.3.5}{Kind Safety}{section.3}% 16
\BOOKMARK [2][-]{subsection.3.6}{Stability}{section.3}% 17
\BOOKMARK [1][-]{section.4}{External Language}{}% 18
\BOOKMARK [2][-]{subsection.4.1}{Syntax}{section.4}% 19
\BOOKMARK [2][-]{subsection.4.2}{Typing}{section.4}% 20
\BOOKMARK [2][-]{subsection.4.3}{Argument Interfaces}{section.4}% 21
\BOOKMARK [2][-]{subsection.4.4}{Type Synthesis and Static Preservation}{section.4}% 22
\BOOKMARK [2][-]{subsection.4.5}{Type and Typing Context Translations}{section.4}% 23
\BOOKMARK [3][-]{subsubsection.4.5.1}{Selectively Abstracted Type Translations}{subsection.4.5}% 24
\BOOKMARK [2][-]{subsection.4.6}{Translation Validation}{section.4}% 25
\BOOKMARK [3][-]{subsubsection.4.6.1}{Type and Typing Context Translation Validation}{subsection.4.6}% 26
\BOOKMARK [3][-]{subsubsection.4.6.2}{Selectively Abstracted Term Translations}{subsection.4.6}% 27
\BOOKMARK [3][-]{subsubsection.4.6.3}{Translation Validation}{subsection.4.6}% 28
\BOOKMARK [2][-]{subsection.4.7}{Type-Preserving Translation and Type Safety}{section.4}% 29
\BOOKMARK [2][-]{subsection.4.8}{Conservativity}{section.4}% 30
\BOOKMARK [3][-]{subsubsection.4.8.1}{Backprojection}{subsection.4.8}% 31
\BOOKMARK [1][-]{section.5}{Discussion}{}% 32
\BOOKMARK [2][-]{subsection.5.1}{Conjectures}{section.5}% 33
\BOOKMARK [2][-]{subsection.5.2}{Additional Examples}{section.5}% 34
