This is pdfTeXk, Version 3.141592-1.40.3 (Web2C 7.5.6) (format=pdflatex 2007.5.18)  18 MAR 2012 18:38
entering extended mode
\write18 enabled.
 %&-line parsing enabled.
**clq-ecoop12.tex
(./clq-ecoop12.tex
LaTeX2e <2005/12/01>
Babel <v3.8h> and hyphenation patterns for english, usenglishmax, dumylang, noh
yphenation, arabic, basque, bulgarian, coptic, welsh, czech, slovak, german, ng
erman, danish, esperanto, spanish, catalan, galician, estonian, farsi, finnish,
 french, greek, monogreek, ancientgreek, croatian, hungarian, interlingua, ibyc
us, indonesian, icelandic, italian, latin, mongolian, dutch, norsk, polish, por
tuguese, pinyin, romanian, russian, slovenian, uppersorbian, serbian, swedish, 
turkish, ukenglish, ukrainian, loaded.
(./llncs.cls
Document Class: llncs 2004/08/17 v2.14 
 LaTeX document class for Lecture Notes in Computer Science
(/usr/local/texlive/2007/texmf-dist/tex/latex/base/article.cls
Document Class: article 2005/09/16 v1.4f Standard LaTeX document class
(/usr/local/texlive/2007/texmf-dist/tex/latex/base/size10.clo
File: size10.clo 2005/09/16 v1.4f Standard LaTeX file (size option)
)
\c@part=\count79
\c@section=\count80
\c@subsection=\count81
\c@subsubsection=\count82
\c@paragraph=\count83
\c@subparagraph=\count84
\c@figure=\count85
\c@table=\count86
\abovecaptionskip=\skip41
\belowcaptionskip=\skip42
\bibindent=\dimen102
)
(/usr/local/texlive/2007/texmf-dist/tex/latex/tools/multicol.sty
Package: multicol 2006/05/18 v1.6g multicolumn formatting (FMi)
\c@tracingmulticols=\count87
\mult@box=\box26
\multicol@leftmargin=\dimen103
\c@unbalance=\count88
\c@collectmore=\count89
\doublecol@number=\count90
\multicoltolerance=\count91
\multicolpretolerance=\count92
\full@width=\dimen104
\page@free=\dimen105
\premulticols=\dimen106
\postmulticols=\dimen107
\multicolsep=\skip43
\multicolbaselineskip=\skip44
\partial@page=\box27
\last@line=\box28
\mult@rightbox=\box29
\mult@grightbox=\box30
\mult@gfirstbox=\box31
\mult@firstbox=\box32
\@tempa=\box33
\@tempa=\box34
\@tempa=\box35
\@tempa=\box36
\@tempa=\box37
\@tempa=\box38
\@tempa=\box39
\@tempa=\box40
\@tempa=\box41
\@tempa=\box42
\@tempa=\box43
\@tempa=\box44
\@tempa=\box45
\@tempa=\box46
\@tempa=\box47
\@tempa=\box48
\@tempa=\box49
\c@columnbadness=\count93
\c@finalcolumnbadness=\count94
\last@try=\dimen108
\multicolovershoot=\dimen109
\multicolundershoot=\dimen110
\mult@nat@firstbox=\box50
\colbreak@box=\box51
)
\c@chapter=\count95
LaTeX Font Info:    Redeclaring math symbol \Gamma on input line 360.
LaTeX Font Info:    Redeclaring math symbol \Delta on input line 361.
LaTeX Font Info:    Redeclaring math symbol \Theta on input line 362.
LaTeX Font Info:    Redeclaring math symbol \Lambda on input line 363.
LaTeX Font Info:    Redeclaring math symbol \Xi on input line 364.
LaTeX Font Info:    Redeclaring math symbol \Pi on input line 365.
LaTeX Font Info:    Redeclaring math symbol \Sigma on input line 366.
LaTeX Font Info:    Redeclaring math symbol \Upsilon on input line 367.
LaTeX Font Info:    Redeclaring math symbol \Phi on input line 368.
LaTeX Font Info:    Redeclaring math symbol \Psi on input line 369.
LaTeX Font Info:    Redeclaring math symbol \Omega on input line 370.
\tocchpnum=\dimen111
\tocsecnum=\dimen112
\tocsectotal=\dimen113
\tocsubsecnum=\dimen114
\tocsubsectotal=\dimen115
\tocsubsubsecnum=\dimen116
\tocsubsubsectotal=\dimen117
\tocparanum=\dimen118
\tocparatotal=\dimen119
\tocsubparanum=\dimen120
\@tempcntc=\count96
\fnindent=\dimen121
\c@@inst=\count97
\c@@auth=\count98
\c@auco=\count99
\instindent=\dimen122
\authrun=\box52
\authorrunning=\toks14
\tocauthor=\toks15
\titrun=\box53
\titlerunning=\toks16
\toctitle=\toks17
\c@theorem=\count100
\c@case=\count101
\c@conjecture=\count102
\c@corollary=\count103
\c@definition=\count104
\c@example=\count105
\c@exercise=\count106
\c@lemma=\count107
\c@note=\count108
\c@problem=\count109
\c@property=\count110
\c@proposition=\count111
\c@question=\count112
\c@solution=\count113
\c@remark=\count114
\headlineindent=\dimen123
)
(/usr/local/texlive/2007/texmf-dist/tex/latex/base/makeidx.sty
Package: makeidx 2000/03/29 v1.0m Standard LaTeX package
) (./macros.tex)
(./clq-ecoop12.aux)
\openout1 = `clq-ecoop12.aux'.

LaTeX Font Info:    Checking defaults for OML/cmm/m/it on input line 11.
LaTeX Font Info:    ... okay on input line 11.
LaTeX Font Info:    Checking defaults for T1/cmr/m/n on input line 11.
LaTeX Font Info:    ... okay on input line 11.
LaTeX Font Info:    Checking defaults for OT1/cmr/m/n on input line 11.
LaTeX Font Info:    ... okay on input line 11.
LaTeX Font Info:    Checking defaults for OMS/cmsy/m/n on input line 11.
LaTeX Font Info:    ... okay on input line 11.
LaTeX Font Info:    Checking defaults for OMX/cmex/m/n on input line 11.
LaTeX Font Info:    ... okay on input line 11.
LaTeX Font Info:    Checking defaults for U/cmr/m/n on input line 11.
LaTeX Font Info:    ... okay on input line 11.
LaTeX Font Info:    External font `cmex10' loaded for size
(Font)              <7> on input line 40.
LaTeX Font Info:    External font `cmex10' loaded for size
(Font)              <5> on input line 40.
LaTeX Font Info:    Try loading font information for OMS+cmtt on input line 40.

LaTeX Font Info:    No file OMScmtt.fd. on input line 40.


LaTeX Font Warning: Font shape `OMS/cmtt/m/n' undefined
(Font)              using `OMS/cmsy/m/n' instead
(Font)              for symbol `textbraceleft' on input line 40.

LaTeX Font Info:    External font `cmex10' loaded for size
(Font)              <9> on input line 44.
LaTeX Font Info:    External font `cmex10' loaded for size
(Font)              <6> on input line 44.
[1



{/usr/local/texlive/2007/texmf-var/fonts/map/pdftex/updmap/pdftex.map}]
Underfull \vbox (badness 5105) has occurred while \output is active []

 [2]
[3] [4] [5] [6] [7] [8] [9]
LaTeX Font Info:    External font `cmex10' loaded for size
(Font)              <12> on input line 181.
LaTeX Font Info:    External font `cmex10' loaded for size
(Font)              <8> on input line 181.
 [10] [11] [12] [13] [14] [15] [16] [17]
Overfull \hbox (7.01584pt too wide) in paragraph at lines 347--348
[]\OT1/cmr/m/n/10 If ver-i-fi-ca-tion suc-ceeds, the com-piler must sub-se-quen
tly trans-late the $[]$
 []


Overfull \hbox (17.42746pt too wide) in paragraph at lines 360--361
 \OT1/cmr/m/it/10 Par-ti-tioned Global Ad-dress Spaces[] \OT1/cmr/m/n/10 A num-
ber of re-cent lan-guages in high-performance
 []

[18]
Overfull \hbox (0.59932pt too wide) in paragraph at lines 363--364
\OT1/cmr/m/n/10 based con-cur-rency so-lu-tion for Java with an equiv-a-lent, t
hough less clean, library-
 []


Overfull \hbox (1.69313pt too wide) in paragraph at lines 372--373
 \OT1/cmr/m/it/10 In-stru-men-ta-tion[] \OT1/cmr/m/n/10 Sev-eral so-phis-ti-cat
ed feedback-directed op-ti-miza-tions and adap-
 []

[19] [20]
Overfull \hbox (15.23741pt too wide) in paragraph at lines 429--430
\OT1/cmr/m/n/10 gen-er-a-tion logic is sig-nif-i-cantly sim-pler be-cause it en
-ables classes like []\OT1/cmtt/m/n/10 StateVariable
 []

[21] [22] (./clq-ecoop12.bbl
Underfull \hbox (badness 4303) in paragraph at lines 66--70
\OT1/cmr/m/n/9 [On-line]. Avail-able: http://oro.open.ac.uk/17673/1/SegalICSE08
R.pdf;
 []


Underfull \hbox (badness 10000) in paragraph at lines 66--70
\OT1/cmr/m/n/9 http://www.cs.ua.edu/ SECSE08/Papers/Segal.pdf;
 []

[23]) [24] (./clq-ecoop12.aux)

LaTeX Font Warning: Some font shapes were not available, defaults substituted.

 ) 
Here is how much of TeX's memory you used:
 795 strings out of 94073
 8655 string characters out of 1162984
 63101 words of memory out of 1500000
 4116 multiletter control sequences out of 10000+50000
 14425 words of font info for 50 fonts, out of 1200000 for 2000
 645 hyphenation exceptions out of 8191
 29i,9n,21p,1354b,304s stack positions out of 5000i,500n,6000p,200000b,5000s
</usr/local/texlive/2007/texmf-dist/fonts/type1/bluesky/cm/cmbx10.pfb></usr/l
ocal/texlive/2007/texmf-dist/fonts/type1/bluesky/cm/cmbx12.pfb></usr/local/texl
ive/2007/texmf-dist/fonts/type1/bluesky/cm/cmbx9.pfb></usr/local/texlive/2007/t
exmf-dist/fonts/type1/bluesky/cm/cmr10.pfb></usr/local/texlive/2007/texmf-dist/
fonts/type1/bluesky/cm/cmr6.pfb></usr/local/texlive/2007/texmf-dist/fonts/type1
/bluesky/cm/cmr7.pfb></usr/local/texlive/2007/texmf-dist/fonts/type1/bluesky/cm
/cmr9.pfb></usr/local/texlive/2007/texmf-dist/fonts/type1/bluesky/cm/cmss10.pfb
></usr/local/texlive/2007/texmf-dist/fonts/type1/bluesky/cm/cmss9.pfb></usr/loc
al/texlive/2007/texmf-dist/fonts/type1/bluesky/cm/cmssbx10.pfb></usr/local/texl
ive/2007/texmf-dist/fonts/type1/bluesky/cm/cmsy9.pfb></usr/local/texlive/2007/t
exmf-dist/fonts/type1/bluesky/cm/cmti10.pfb></usr/local/texlive/2007/texmf-dist
/fonts/type1/bluesky/cm/cmti9.pfb></usr/local/texlive/2007/texmf-dist/fonts/typ
e1/bluesky/cm/cmtt10.pfb></usr/local/texlive/2007/texmf-dist/fonts/type1/bluesk
y/cm/cmtt9.pfb>
Output written on clq-ecoop12.pdf (24 pages, 198860 bytes).
PDF statistics:
 139 PDF objects out of 1000 (max. 8388607)
 0 named destinations out of 1000 (max. 131072)
 1 words of extra memory for PDF output out of 10000 (max. 10000000)

