\BOOKMARK [1][-]{section.1}{Introduction}{}
\BOOKMARK [1][-]{section.2}{Survey Results}{}
\BOOKMARK [2][-]{subsection.2.1}{Survey Methods}{section.2}
\BOOKMARK [2][-]{subsection.2.2}{Familiarity with Programming Languages and Editors}{section.2}
\BOOKMARK [2][-]{subsection.2.3}{Palette Mockups}{section.2}
\BOOKMARK [1][-]{section.3}{Design Criteria}{}
\BOOKMARK [2][-]{subsection.3.1}{Maintaining Separation of Concerns \(183\)}{section.3}
\BOOKMARK [2][-]{subsection.3.2}{Integration with Testing Frameworks \(35\)}{section.3}
\BOOKMARK [2][-]{subsection.3.3}{Support for Reinvocation \(19\)}{section.3}
\BOOKMARK [2][-]{subsection.3.4}{Support for Palette Settings and History \(41\)}{section.3}
\BOOKMARK [2][-]{subsection.3.5}{Support for Nested Expressions \(13\)}{section.3}
\BOOKMARK [2][-]{subsection.3.6}{Keyboard Navigability \(12\)}{section.3}
\BOOKMARK [2][-]{subsection.3.7}{Minimal Impact on Editor Responsiveness}{section.3}
\BOOKMARK [2][-]{subsection.3.8}{IDE and Language Portability}{section.3}
\BOOKMARK [2][-]{subsection.3.9}{Varying User Needs}{section.3}
\BOOKMARK [1][-]{section.4}{Use Cases}{}
\BOOKMARK [2][-]{subsection.4.1}{Graphical Elements \(27\)}{section.4}
\BOOKMARK [2][-]{subsection.4.2}{Query Languages \(17\)}{section.4}
\BOOKMARK [2][-]{subsection.4.3}{Simplified or Domain-Specific Syntax \(16\)}{section.4}
\BOOKMARK [2][-]{subsection.4.4}{Unclear Parameter Implications \(11\)}{section.4}
\BOOKMARK [2][-]{subsection.4.5}{Integrating with Documentation and Examples \(7\)}{section.4}
\BOOKMARK [2][-]{subsection.4.6}{Complex Instantiation and Cleanup Procedures \(5\)}{section.4}
\BOOKMARK [2][-]{subsection.4.7}{Instantiation by Example \(2\)}{section.4}
\BOOKMARK [2][-]{subsection.4.8}{Proof Assistants \(1\)}{section.4}
\BOOKMARK [1][-]{section.5}{Tool Design}{}
\BOOKMARK [2][-]{subsection.5.1}{HTML+Javascript based palettes}{section.5}
\BOOKMARK [2][-]{subsection.5.2}{Palette API}{section.5}
\BOOKMARK [2][-]{subsection.5.3}{Palette Discovery}{section.5}
\BOOKMARK [3][-]{subsubsection.5.3.1}{Annotation-based}{subsection.5.3}
\BOOKMARK [3][-]{subsubsection.5.3.2}{Explicit}{subsection.5.3}
\BOOKMARK [2][-]{subsection.5.4}{Design Trade-Offs}{section.5}
\BOOKMARK [2][-]{subsection.5.5}{Palettes}{section.5}
\BOOKMARK [3][-]{subsubsection.5.5.1}{Regular Expressions}{subsection.5.5}
\BOOKMARK [3][-]{subsubsection.5.5.2}{Color Selection}{subsection.5.5}
\BOOKMARK [1][-]{section.6}{User Study Design}{}
\BOOKMARK [2][-]{subsection.6.1}{Process}{section.6}
\BOOKMARK [3][-]{subsubsection.6.1.1}{Preliminary Survey}{subsection.6.1}
\BOOKMARK [3][-]{subsubsection.6.1.2}{Training}{subsection.6.1}
\BOOKMARK [2][-]{subsection.6.2}{Within vs. between-subjects design}{section.6}
\BOOKMARK [2][-]{subsection.6.3}{Participants}{section.6}
\BOOKMARK [2][-]{subsection.6.4}{Tasks}{section.6}
\BOOKMARK [3][-]{subsubsection.6.4.1}{Task Structure}{subsection.6.4}
\BOOKMARK [1][-]{section.7}{User Study Results}{}
\BOOKMARK [2][-]{subsection.7.1}{Control}{section.7}
\BOOKMARK [2][-]{subsection.7.2}{Treatment}{section.7}
\BOOKMARK [1][-]{section.8}{Related Work}{}
\BOOKMARK [2][-]{subsection.8.1}{Active Libraries}{section.8}
\BOOKMARK [2][-]{subsection.8.2}{Visual Languages}{section.8}
\BOOKMARK [2][-]{subsection.8.3}{Specific IDE Features}{section.8}
\BOOKMARK [1][-]{section.9}{Conclusion}{}
\BOOKMARK [1][-]{section*.2}{References}{}
