This is pdfTeXk, Version 3.141592-1.40.3 (Web2C 7.5.6) (format=pdflatex 2007.5.18)  7 AUG 2013 00:21
entering extended mode
\write18 enabled.
 %&-line parsing enabled.
**syzygy.tex
(./syzygy.tex
LaTeX2e <2005/12/01>
Babel <v3.8h> and hyphenation patterns for english, usenglishmax, dumylang, noh
yphenation, arabic, basque, bulgarian, coptic, welsh, czech, slovak, german, ng
erman, danish, esperanto, spanish, catalan, galician, estonian, farsi, finnish,
 french, greek, monogreek, ancientgreek, croatian, hungarian, interlingua, ibyc
us, indonesian, icelandic, italian, latin, mongolian, dutch, norsk, polish, por
tuguese, pinyin, romanian, russian, slovenian, uppersorbian, serbian, swedish, 
turkish, ukenglish, ukrainian, loaded.
(/usr/local/texlive/2007/texmf-dist/tex/latex/base/article.cls
Document Class: article 2005/09/16 v1.4f Standard LaTeX document class
(/usr/local/texlive/2007/texmf-dist/tex/latex/base/size10.clo
File: size10.clo 2005/09/16 v1.4f Standard LaTeX file (size option)
)
\c@part=\count79
\c@section=\count80
\c@subsection=\count81
\c@subsubsection=\count82
\c@paragraph=\count83
\c@subparagraph=\count84
\c@figure=\count85
\c@table=\count86
\abovecaptionskip=\skip41
\belowcaptionskip=\skip42
\bibindent=\dimen102
)
(/usr/local/texlive/2007/texmf-dist/tex/latex/xcolor/xcolor.sty
Package: xcolor 2007/01/21 v2.11 LaTeX color extensions (UK)

(/usr/local/texlive/2007/texmf/tex/latex/config/color.cfg
File: color.cfg 2007/01/18 v1.5 color configuration of teTeX/TeXLive
)
Package xcolor Info: Package option `usenames' ignored on input line 216.
Package xcolor Info: Driver file: pdftex.def on input line 225.

(/usr/local/texlive/2007/texmf-dist/tex/latex/pdftex-def/pdftex.def
File: pdftex.def 2007/01/08 v0.04d Graphics/color for pdfTeX
\Gread@gobject=\count87
)
(/usr/local/texlive/2007/texmf-dist/tex/latex/colortbl/colortbl.sty
Package: colortbl 2001/02/13 v0.1j Color table columns (DPC)

(/usr/local/texlive/2007/texmf-dist/tex/latex/tools/array.sty
Package: array 2005/08/23 v2.4b Tabular extension package (FMi)
\col@sep=\dimen103
\extrarowheight=\dimen104
\NC@list=\toks14
\extratabsurround=\skip43
\backup@length=\skip44
)
\everycr=\toks15
\minrowclearance=\skip45
)
\rownum=\count88
Package xcolor Info: Model `cmy' substituted by `cmy0' on input line 1337.
Package xcolor Info: Model `hsb' substituted by `rgb' on input line 1341.
Package xcolor Info: Model `RGB' extended on input line 1353.
Package xcolor Info: Model `HTML' substituted by `rgb' on input line 1355.
Package xcolor Info: Model `Hsb' substituted by `hsb' on input line 1356.
Package xcolor Info: Model `tHsb' substituted by `hsb' on input line 1357.
Package xcolor Info: Model `HSB' substituted by `hsb' on input line 1358.
Package xcolor Info: Model `Gray' substituted by `gray' on input line 1359.
Package xcolor Info: Model `wave' substituted by `hsb' on input line 1360.

(/usr/local/texlive/2007/texmf-dist/tex/latex/graphics/dvipsnam.def
File: dvipsnam.def 1999/02/16 v3.0i Driver-dependant file (DPC,SPQR)
)
(/usr/local/texlive/2007/texmf-dist/tex/latex/xcolor/svgnam.def
File: svgnam.def 2007/01/21 v2.11 Predefined colors according to SVG 1.1 (UK)
))
(./nips12submit_e.sty
(/usr/local/texlive/2007/texmf-dist/tex/latex/eso-pic/eso-pic.sty
Package: eso-pic 2006/07/14 v1.1d eso-pic (RN)

(/usr/local/texlive/2007/texmf-dist/tex/latex/everyshi/everyshi.sty
Package: everyshi 2001/05/15 v3.00 EveryShipout Package (MS)
)
(/usr/local/texlive/2007/texmf-dist/tex/latex/graphics/keyval.sty
Package: keyval 1999/03/16 v1.13 key=value parser (DPC)
\KV@toks@=\toks16
))
\nipsrulerbox=\box26
\nipsrulercount=\count89
\nipsruleroffset=\dimen105
\cv@lineheight=\dimen106
\cv@boxheight=\dimen107
\cv@tmpbox=\box27
\cv@refno=\count90
\cv@tot=\count91
\cv@tmpc@=\count92
\cv@tmpc=\count93
)
(/usr/local/texlive/2007/texmf-dist/tex/latex/psnfss/times.sty
Package: times 2005/04/12 PSNFSS-v9.2a (SPQR) 
)
(/usr/local/texlive/2007/texmf-dist/tex/latex/amsmath/amsmath.sty
Package: amsmath 2000/07/18 v2.13 AMS math features
\@mathmargin=\skip46

For additional information on amsmath, use the `?' option.
(/usr/local/texlive/2007/texmf-dist/tex/latex/amsmath/amstext.sty
Package: amstext 2000/06/29 v2.01

(/usr/local/texlive/2007/texmf-dist/tex/latex/amsmath/amsgen.sty
File: amsgen.sty 1999/11/30 v2.0
\@emptytoks=\toks17
\ex@=\dimen108
))
(/usr/local/texlive/2007/texmf-dist/tex/latex/amsmath/amsbsy.sty
Package: amsbsy 1999/11/29 v1.2d
\pmbraise@=\dimen109
)
(/usr/local/texlive/2007/texmf-dist/tex/latex/amsmath/amsopn.sty
Package: amsopn 1999/12/14 v2.01 operator names
)
\inf@bad=\count94
LaTeX Info: Redefining \frac on input line 211.
\uproot@=\count95
\leftroot@=\count96
LaTeX Info: Redefining \overline on input line 307.
\classnum@=\count97
\DOTSCASE@=\count98
LaTeX Info: Redefining \ldots on input line 379.
LaTeX Info: Redefining \dots on input line 382.
LaTeX Info: Redefining \cdots on input line 467.
\Mathstrutbox@=\box28
\strutbox@=\box29
\big@size=\dimen110
LaTeX Font Info:    Redeclaring font encoding OML on input line 567.
LaTeX Font Info:    Redeclaring font encoding OMS on input line 568.
\macc@depth=\count99
\c@MaxMatrixCols=\count100
\dotsspace@=\muskip10
\c@parentequation=\count101
\dspbrk@lvl=\count102
\tag@help=\toks18
\row@=\count103
\column@=\count104
\maxfields@=\count105
\andhelp@=\toks19
\eqnshift@=\dimen111
\alignsep@=\dimen112
\tagshift@=\dimen113
\tagwidth@=\dimen114
\totwidth@=\dimen115
\lineht@=\dimen116
\@envbody=\toks20
\multlinegap=\skip47
\multlinetaggap=\skip48
\mathdisplay@stack=\toks21
LaTeX Info: Redefining \[ on input line 2666.
LaTeX Info: Redefining \] on input line 2667.
)
(/usr/local/texlive/2007/texmf-dist/tex/latex/amsfonts/amssymb.sty
Package: amssymb 2002/01/22 v2.2d

(/usr/local/texlive/2007/texmf-dist/tex/latex/amsfonts/amsfonts.sty
Package: amsfonts 2001/10/25 v2.2f
\symAMSa=\mathgroup4
\symAMSb=\mathgroup5
LaTeX Font Info:    Overwriting math alphabet `\mathfrak' in version `bold'
(Font)                  U/euf/m/n --> U/euf/b/n on input line 132.
))
(/usr/local/texlive/2007/texmf-dist/tex/latex/ltxmisc/url.sty
\Urlmuskip=\muskip11
Package: url 2005/06/27  ver 3.2  Verb mode for urls, etc.
)
(/usr/local/texlive/2007/texmf-dist/tex/latex/graphics/graphicx.sty
Package: graphicx 1999/02/16 v1.0f Enhanced LaTeX Graphics (DPC,SPQR)

(/usr/local/texlive/2007/texmf-dist/tex/latex/graphics/graphics.sty
Package: graphics 2006/02/20 v1.0o Standard LaTeX Graphics (DPC,SPQR)

(/usr/local/texlive/2007/texmf-dist/tex/latex/graphics/trig.sty
Package: trig 1999/03/16 v1.09 sin cos tan (DPC)
)
(/usr/local/texlive/2007/texmf/tex/latex/config/graphics.cfg
File: graphics.cfg 2007/01/18 v1.5 graphics configuration of teTeX/TeXLive
)
Package graphics Info: Driver file: pdftex.def on input line 90.
)
\Gin@req@height=\dimen117
\Gin@req@width=\dimen118
)
(/usr/local/texlive/2007/texmf-dist/tex/generic/xypic/xypic.sty
(/usr/local/texlive/2007/texmf-dist/tex/generic/xypic/xy.sty
(/usr/local/texlive/2007/texmf-dist/tex/generic/xypic/xy.tex Bootstrap'ing:
catcodes, docmode,
(/usr/local/texlive/2007/texmf-dist/tex/generic/xypic/xyrecat.tex)
(/usr/local/texlive/2007/texmf-dist/tex/generic/xypic/xyidioms.tex)

 Xy-pic version 3.7 <1999/02/16>
 Copyright (c) 1991-1998 by Kristoffer H. Rose <krisrose@ens-lyon.fr>
 Xy-pic is free software: see the User's Guide for details.

Loading kernel: messages; fonts; allocations: state,
\X@c=\dimen119
\Y@c=\dimen120
\U@c=\dimen121
\D@c=\dimen122
\L@c=\dimen123
\R@c=\dimen124
\Edge@c=\toks22
\X@p=\dimen125
\Y@p=\dimen126
\U@p=\dimen127
\D@p=\dimen128
\L@p=\dimen129
\R@p=\dimen130
\Edge@p=\toks23
\X@origin=\dimen131
\Y@origin=\dimen132
\X@xbase=\dimen133
\Y@xbase=\dimen134
\X@ybase=\dimen135
\Y@ybase=\dimen136
\X@min=\dimen137
\Y@min=\dimen138
\X@max=\dimen139
\Y@max=\dimen140
\lastobjectbox@=\box30
\zerodotbox@=\box31
\almostz@=\dimen141
 direction,
\d@X=\dimen142
\d@Y=\dimen143
\K@=\count106
\KK@=\count107
\Direction=\count108
\K@dXdY=\dimen144
\K@dYdX=\dimen145
\xyread@=\read1
\xywrite@=\write3
\csp@=\count109
\quotPTK@=\dimen146

utility macros; pictures: \xy, positions,
\swaptoks@@=\toks24
\connectobjectbox@@=\box32
 objects,
\styletoks@=\toks25
 decorations;
kernel objects: directionals, circles, text; options; algorithms: directions,
edges, connections;  Xy-pic loaded)

LaTeX Warning: You have requested package `xypic',
               but the package provides `xy'.

Package: xy 1999/02/16 Xy-pic version 3.7
) (/usr/local/texlive/2007/texmf-dist/tex/generic/xypic/xyv2.tex
 Xy-pic option: Version 2 Compatibility v.3.4

Xy-pic Warning: `\stop' redefined.

(/usr/local/texlive/2007/texmf-dist/tex/generic/xypic/xyframe.tex
 Xy-pic option: Frame and Bracket extension v.3.7 loaded)
(/usr/local/texlive/2007/texmf-dist/tex/generic/xypic/xymatrix.tex
 Xy-pic option: Matrix feature v.3.4
\Row=\count110
\Col=\count111
\queue@=\toks26
\queue@@=\toks27
\qcount@=\count112
\qcount@@=\count113
\matrixsize@=\count114
 loaded)
(/usr/local/texlive/2007/texmf-dist/tex/generic/xypic/xyarrow.tex
 Xy-pic option: Arrow and Path feature v.3.5 path, \ar, loaded) loaded))
(./syzygy.aux)
\openout1 = `syzygy.aux'.

LaTeX Font Info:    Checking defaults for OML/cmm/m/it on input line 29.
LaTeX Font Info:    ... okay on input line 29.
LaTeX Font Info:    Checking defaults for T1/cmr/m/n on input line 29.
LaTeX Font Info:    ... okay on input line 29.
LaTeX Font Info:    Checking defaults for OT1/cmr/m/n on input line 29.
LaTeX Font Info:    ... okay on input line 29.
LaTeX Font Info:    Checking defaults for OMS/cmsy/m/n on input line 29.
LaTeX Font Info:    ... okay on input line 29.
LaTeX Font Info:    Checking defaults for OMX/cmex/m/n on input line 29.
LaTeX Font Info:    ... okay on input line 29.
LaTeX Font Info:    Checking defaults for U/cmr/m/n on input line 29.
LaTeX Font Info:    ... okay on input line 29.
LaTeX Font Info:    Try loading font information for OT1+ptm on input line 29.
 (/usr/local/texlive/2007/texmf-dist/tex/latex/psnfss/ot1ptm.fd
File: ot1ptm.fd 2001/06/04 font definitions for OT1/ptm.
)
(/usr/local/texlive/2007/texmf-dist/tex/context/base/supp-pdf.tex
[Loading MPS to PDF converter (version 2006.09.02).]
\scratchcounter=\count115
\scratchdimen=\dimen147
\scratchbox=\box33
\nofMPsegments=\count116
\nofMParguments=\count117
\MPscratchCnt=\count118
\MPscratchDim=\dimen148
\MPnumerator=\count119
\everyMPtoPDFconversion=\toks28
) ABD: EveryShipout initializing macros
LaTeX Font Info:    Font shape `OT1/ptm/bx/n' in size <17.28> not available
(Font)              Font shape `OT1/ptm/b/n' tried instead on input line 32.
LaTeX Font Info:    Try loading font information for U+msa on input line 32.

(/usr/local/texlive/2007/texmf-dist/tex/latex/amsfonts/umsa.fd
File: umsa.fd 2002/01/19 v2.2g AMS font definitions
)
LaTeX Font Info:    Try loading font information for U+msb on input line 32.

(/usr/local/texlive/2007/texmf-dist/tex/latex/amsfonts/umsb.fd
File: umsb.fd 2002/01/19 v2.2g AMS font definitions
)
LaTeX Font Info:    Font shape `OT1/ptm/bx/n' in size <10> not available
(Font)              Font shape `OT1/ptm/b/n' tried instead on input line 32.
LaTeX Font Info:    Try loading font information for OT1+pcr on input line 32.

(/usr/local/texlive/2007/texmf-dist/tex/latex/psnfss/ot1pcr.fd
File: ot1pcr.fd 2001/06/04 font definitions for OT1/pcr.
)
LaTeX Font Info:    Font shape `OT1/ptm/bx/n' in size <12> not available
(Font)              Font shape `OT1/ptm/b/n' tried instead on input line 34.


LaTeX Warning: Citation `Hindle:2012:NS:2337223.2337322' on page 1 undefined on
 input line 42.

LaTeX Font Info:    Try loading font information for OMS+ptm on input line 49.
(/usr/local/texlive/2007/texmf-dist/tex/latex/psnfss/omsptm.fd
File: omsptm.fd 
)
LaTeX Font Info:    Font shape `OMS/ptm/m/n' in size <10> not available
(Font)              Font shape `OMS/cmsy/m/n' tried instead on input line 49.
 <xymatrix 3x3
242> [1

{/usr/local/texlive/2007/texmf-var/fonts/map/pdftex/updmap/pdftex.map}]

LaTeX Warning: Citation `Hindle:2012:NS:2337223.2337322' on page 2 undefined on
 input line 76.


LaTeX Warning: Citation `Gabel:2010:FSE' on page 2 undefined on input line 78.


LaTeX Warning: Citation `Bruch:2009:LEI:1595696.1595728' on page 2 undefined on
 input line 80.


LaTeX Warning: Citation `robbes_how_2008' on page 2 undefined on input line 80.



LaTeX Warning: Citation `mooty_calcite:_2010' on page 2 undefined on input line
 80.

[2] [3]

LaTeX Warning: Citation `QualitasCorpus:APSEC:2010' on page 4 undefined on inpu
t line 185.

[4]

LaTeX Warning: Citation `QualitasCorpus:APSEC:2010' on page 5 undefined on inpu
t line 215.


LaTeX Warning: Citation `Hindle:2012:NS:2337223.2337322' on page 5 undefined on
 input line 244.

<overall.png, id=30, 1146.2825pt x 651.43375pt>
File: overall.png Graphic file (type png)
 <use overall.png>
Overfull \hbox (61.0199pt too wide) in paragraph at lines 254--256
[][]
 []


Underfull \hbox (badness 10000) in paragraph at lines 254--256

 []

<ant.png, id=31, 1060.96375pt x 643.40375pt>
File: ant.png Graphic file (type png)
 <use ant.png>
Overfull \hbox (26.89299pt too wide) in paragraph at lines 261--263
[][]
 []


Underfull \hbox (badness 10000) in paragraph at lines 261--263

 []

[5] [6 <./overall.png (PNG copy)> <./ant.png (PNG copy)>]

LaTeX Warning: Citation `Hindle:2012:NS:2337223.2337322' on page 7 undefined on
 input line 301.

No file syzygy.bbl.
[7] (./syzygy.aux)

LaTeX Warning: There were undefined references.

 ) 
Here is how much of TeX's memory you used:
 4484 strings out of 94073
 52438 string characters out of 1162984
 146078 words of memory out of 1500000
 7683 multiletter control sequences out of 10000+50000
 27872 words of font info for 67 fonts, out of 1200000 for 2000
 645 hyphenation exceptions out of 8191
 41i,19n,35p,755b,499s stack positions out of 5000i,500n,6000p,200000b,5000s
{/usr/local/texlive/2007/texmf-dist/fonts/enc/dvips/base/8r.enc}</usr/local/t
exlive/2007/texmf-dist/fonts/type1/bluesky/cm/cmbx10.pfb></usr/local/texlive/20
07/texmf-dist/fonts/type1/bluesky/cm/cmex10.pfb></usr/local/texlive/2007/texmf-
dist/fonts/type1/bluesky/cm/cmmi10.pfb></usr/local/texlive/2007/texmf-dist/font
s/type1/bluesky/cm/cmmi7.pfb></usr/local/texlive/2007/texmf-dist/fonts/type1/bl
uesky/cm/cmr10.pfb></usr/local/texlive/2007/texmf-dist/fonts/type1/bluesky/cm/c
mr7.pfb></usr/local/texlive/2007/texmf-dist/fonts/type1/bluesky/cm/cmr9.pfb></u
sr/local/texlive/2007/texmf-dist/fonts/type1/bluesky/cm/cmsy10.pfb></usr/local/
texlive/2007/texmf-dist/fonts/type1/bluesky/cm/cmsy7.pfb></usr/local/texlive/20
07/texmf-dist/fonts/type1/urw/courier/ucrr8a.pfb></usr/local/texlive/2007/texmf
-dist/fonts/type1/urw/times/utmb8a.pfb></usr/local/texlive/2007/texmf-dist/font
s/type1/urw/times/utmr8a.pfb></usr/local/texlive/2007/texmf-dist/fonts/type1/ur
w/times/utmri8a.pfb></usr/local/texlive/2007/texmf-dist/fonts/type1/public/xypi
c/xyatip10.pfb></usr/local/texlive/2007/texmf-dist/fonts/type1/public/xypic/xyb
tip10.pfb></usr/local/texlive/2007/texmf-dist/fonts/type1/public/xypic/xydash10
.pfb>
Output written on syzygy.pdf (7 pages, 152268 bytes).
PDF statistics:
 93 PDF objects out of 1000 (max. 8388607)
 0 named destinations out of 1000 (max. 131072)
 11 words of extra memory for PDF output out of 10000 (max. 10000000)

