This is pdfTeX, Version 3.14159265-2.6-1.40.15 (TeX Live 2014) (preloaded format=pdflatex 2014.9.18)  30 OCT 2014 14:19
entering extended mode
 restricted \write18 enabled.
 %&-line parsing enabled.
**syntax-spec-e.tex -recorder
(./syntax-spec-e.tex
LaTeX2e <2014/05/01>
Babel <3.9k> and hyphenation patterns for 79 languages loaded.

! LaTeX Error: Missing \begin{document}.

See the LaTeX manual or LaTeX Companion for explanation.
Type  H <return>  for immediate help.
 ...                                              
                                                  
l.1 1
     
You're in trouble here.  Try typing  <return>  to proceed.
If that doesn't work, type  X <return>  to quit.

Missing character: There is no 1 in font nullfont!
! Missing $ inserted.
<inserted text> 
                $
l.17 \begin{array}{lcl}
                       %
I've inserted a begin-math/end-math symbol since I think
you left one out. Proceed, with fingers crossed.

LaTeX Font Info:    External font `cmex10' loaded for size
(Font)              <7> on input line 17.
LaTeX Font Info:    External font `cmex10' loaded for size
(Font)              <5> on input line 17.
Missing character: There is no e in font nullfont!
! Extra alignment tab has been changed to \cr.
<template> \endtemplate 
                        
l.19 e &
         ::= & \multicolumn{1}{l}{x ~|~ \eanalam{x}{e} ~|~ \eap{e}{e} ~|~ \e...
You have given more \span or & marks than there were
in the preamble to the \halign or \valign now in progress.
So I'll assume that you meant to type \cr instead.

! Undefined control sequence.
\efix #1#2->\keyw 
                  {fix}(#1.#2)
l.19 ...p{e}{e} ~|~ \efix{x}{e} ~|~ \easc{e}{\st}}
                                                  
The control sequence at the end of the top line
of your error message was never \def'ed. If you have
misspelled it (e.g., `\hobx'), type `I' and the correct
spelling (e.g., `I\hbox'). Otherwise just continue,
and I'll forget about whatever was undefined.

! Undefined control sequence.
<argument> \st 
               
l.19 ...p{e}{e} ~|~ \efix{x}{e} ~|~ \easc{e}{\st}}
                                                  
The control sequence at the end of the top line
of your error message was never \def'ed. If you have
misspelled it (e.g., `\hobx'), type `I' and the correct
spelling (e.g., `I\hbox'). Otherwise just continue,
and I'll forget about whatever was undefined.

! Extra alignment tab has been changed to \cr.
<recently read> \endtemplate 
                             
l.20 & ~|~ &
            \eintro{\st}{\es} ~|~ \etarg{\opname{op}}{\st}{e}{\es} ~|~ \eoth...
You have given more \span or & marks than there were
in the preamble to the \halign or \valign now in progress.
So I'll assume that you meant to type \cr instead.

! Undefined control sequence.
\eintro #1#2->\keyw 
                    {intro}[#1](#2)
l.20 & ~|~ &\eintro{\st}{\es}
                              ~|~ \etarg{\opname{op}}{\st}{e}{\es} ~|~ \eoth...
The control sequence at the end of the top line
of your error message was never \def'ed. If you have
misspelled it (e.g., `\hobx'), type `I' and the correct
spelling (e.g., `I\hbox'). Otherwise just continue,
and I'll forget about whatever was undefined.

! Undefined control sequence.
<argument> \st 
               
l.20 & ~|~ &\eintro{\st}{\es}
                              ~|~ \etarg{\opname{op}}{\st}{e}{\es} ~|~ \eoth...
The control sequence at the end of the top line
of your error message was never \def'ed. If you have
misspelled it (e.g., `\hobx'), type `I' and the correct
spelling (e.g., `I\hbox'). Otherwise just continue,
and I'll forget about whatever was undefined.

! Undefined control sequence.
\etarg #1#2#3#4->\keyw 
                       {targ}[#1; #2](#3; #4)
l.20 ...{\es} ~|~ \etarg{\opname{op}}{\st}{e}{\es}
                                                   ~|~ \eother{\st}{\es}
The control sequence at the end of the top line
of your error message was never \def'ed. If you have
misspelled it (e.g., `\hobx'), type `I' and the correct
spelling (e.g., `I\hbox'). Otherwise just continue,
and I'll forget about whatever was undefined.

! Undefined control sequence.
<argument> \opname 
                   {op}
l.20 ...{\es} ~|~ \etarg{\opname{op}}{\st}{e}{\es}
                                                   ~|~ \eother{\st}{\es}
The control sequence at the end of the top line
of your error message was never \def'ed. If you have
misspelled it (e.g., `\hobx'), type `I' and the correct
spelling (e.g., `I\hbox'). Otherwise just continue,
and I'll forget about whatever was undefined.

! Undefined control sequence.
<argument> \st 
               
l.20 ...{\es} ~|~ \etarg{\opname{op}}{\st}{e}{\es}
                                                   ~|~ \eother{\st}{\es}
The control sequence at the end of the top line
of your error message was never \def'ed. If you have
misspelled it (e.g., `\hobx'), type `I' and the correct
spelling (e.g., `I\hbox'). Otherwise just continue,
and I'll forget about whatever was undefined.

! Undefined control sequence.
\eother #1#2->\keyw 
                    {other}[#1](#2)
l.20 ...me{op}}{\st}{e}{\es} ~|~ \eother{\st}{\es}
                                                  
The control sequence at the end of the top line
of your error message was never \def'ed. If you have
misspelled it (e.g., `\hobx'), type `I' and the correct
spelling (e.g., `I\hbox'). Otherwise just continue,
and I'll forget about whatever was undefined.

! Undefined control sequence.
<argument> \st 
               
l.20 ...me{op}}{\st}{e}{\es} ~|~ \eother{\st}{\es}
                                                  
The control sequence at the end of the top line
of your error message was never \def'ed. If you have
misspelled it (e.g., `\hobx'), type `I' and the correct
spelling (e.g., `I\hbox'). Otherwise just continue,
and I'll forget about whatever was undefined.

! Misplaced \omit.
\multispan ->\omit 
                   \@multispan 
l.21 ...{argument lists}~\es ::= \cdot ~|~ \es, e}
                                                  
I expect to see \omit only after tab marks or the \cr of
an alignment. Proceed, and I'll ignore this case.

! Misplaced \omit.
\multispan ->\omit 
                   \@multispan 
l.22 ...\emptyset ~|~ \Upsilon, x \Rightarrow \st}
                                                   %
I expect to see \omit only after tab marks or the \cr of
an alignment. Proceed, and I'll ignore this case.

! Extra alignment tab has been changed to \cr.
<template> \endtemplate 
                        
l.22 ...\emptyset ~|~ \Upsilon, x \Rightarrow \st}
                                                   %
You have given more \span or & marks than there were
in the preamble to the \halign or \valign now in progress.
So I'll assume that you meant to type \cr instead.

! Undefined control sequence.
\@sharp ...tyset ~|~ \Upsilon , x \Rightarrow \st 
                                                  
l.22 ...\emptyset ~|~ \Upsilon, x \Rightarrow \st}
                                                   %
The control sequence at the end of the top line
of your error message was never \def'ed. If you have
misspelled it (e.g., `\hobx'), type `I' and the correct
spelling (e.g., `I\hbox'). Otherwise just continue,
and I'll forget about whatever was undefined.

! Missing $ inserted.
<inserted text> 
                $
l.31 \end{array}
                %
I've inserted something that you may have forgotten.
(See the <inserted text> above.)
With luck, this will get me unwedged. But if you
really didn't forget anything, try typing `2' now; then
my insertion and my current dilemma will both disappear.


Overfull \hbox (20.0pt too wide) in paragraph at lines 1--53
[]
 []


Overfull \hbox (297.24107pt too wide) in paragraph at lines 1--53
[]$
 []

)

! LaTeX Error: Missing \begin{document}.

See the LaTeX manual or LaTeX Companion for explanation.
Type  H <return>  for immediate help.
 ...                                              
                                                  
<*> syntax-spec-e.tex -
                       recorder
You're in trouble here.  Try typing  <return>  to proceed.
If that doesn't work, type  X <return>  to quit.

Missing character: There is no - in font nullfont!
Missing character: There is no r in font nullfont!
Missing character: There is no e in font nullfont!
Missing character: There is no c in font nullfont!
Missing character: There is no o in font nullfont!
Missing character: There is no r in font nullfont!
Missing character: There is no d in font nullfont!
Missing character: There is no e in font nullfont!
Missing character: There is no r in font nullfont!
! Emergency stop.
<*> syntax-spec-e.tex -recorder
                               
*** (job aborted, no legal \end found)

 
Here is how much of TeX's memory you used:
 63 strings out of 493108
 488 string characters out of 6134847
 53957 words of memory out of 5000000
 3626 multiletter control sequences out of 15000+600000
 3948 words of font info for 15 fonts, out of 8000000 for 9000
 1141 hyphenation exceptions out of 8191
 19i,9n,15p,157b,155s stack positions out of 5000i,500n,10000p,200000b,80000s
!  ==> Fatal error occurred, no output PDF file produced!
