This is pdfTeX, Version 3.1415926-2.3-1.40.12 (TeX Live 2011) (format=pdflatex 2011.7.3)  13 OCT 2012 20:25
entering extended mode
 restricted \write18 enabled.
 file:line:error style messages enabled.
 %&-line parsing enabled.
**ace.tex
(./ace.tex
LaTeX2e <2009/09/24>
Babel <v3.8l> and hyphenation patterns for english, dumylang, nohyphenation, ge
rman-x-2009-06-19, ngerman-x-2009-06-19, afrikaans, ancientgreek, ibycus, arabi
c, armenian, basque, bulgarian, catalan, pinyin, coptic, croatian, czech, danis
h, dutch, ukenglish, usenglishmax, esperanto, estonian, ethiopic, farsi, finnis
h, french, galician, german, ngerman, swissgerman, monogreek, greek, hungarian,
 icelandic, assamese, bengali, gujarati, hindi, kannada, malayalam, marathi, or
iya, panjabi, tamil, telugu, indonesian, interlingua, irish, italian, kurmanji,
 lao, latin, latvian, lithuanian, mongolian, mongolianlmc, bokmal, nynorsk, pol
ish, portuguese, romanian, russian, sanskrit, serbian, serbianc, slovak, sloven
ian, spanish, swedish, turkish, turkmen, ukrainian, uppersorbian, welsh, loaded
.
(./IEEEtran.cls
Document Class: IEEEtran 2007/03/05 V1.7a by Michael Shell
-- See the "IEEEtran_HOWTO" manual for usage information.
-- http://www.michaelshell.org/tex/ieeetran/
\@IEEEtrantmpdimenA=\dimen102
\@IEEEtrantmpdimenB=\dimen103
\@IEEEtrantmpcountA=\count79
\@IEEEtrantmpcountB=\count80
\@IEEEtrantmptoksA=\toks14
LaTeX Font Info:    Try loading font information for OT1+ptm on input line 373.

(/usr/local/texlive/2011/texmf-dist/tex/latex/psnfss/ot1ptm.fd
File: ot1ptm.fd 2001/06/04 font definitions for OT1/ptm.
)
-- Using 8.5in x 11in (letter) paper.
-- Using PDF output.
\@IEEEnormalsizeunitybaselineskip=\dimen104
-- This is a 10 point document.
\CLASSINFOnormalsizebaselineskip=\dimen105
\CLASSINFOnormalsizeunitybaselineskip=\dimen106
\IEEEnormaljot=\dimen107
LaTeX Font Info:    Font shape `OT1/ptm/bx/n' in size <5> not available
(Font)              Font shape `OT1/ptm/b/n' tried instead on input line 731.
LaTeX Font Info:    Font shape `OT1/ptm/bx/it' in size <5> not available
(Font)              Font shape `OT1/ptm/b/it' tried instead on input line 731.
LaTeX Font Info:    Font shape `OT1/ptm/bx/n' in size <7> not available
(Font)              Font shape `OT1/ptm/b/n' tried instead on input line 731.
LaTeX Font Info:    Font shape `OT1/ptm/bx/it' in size <7> not available
(Font)              Font shape `OT1/ptm/b/it' tried instead on input line 731.
LaTeX Font Info:    Font shape `OT1/ptm/bx/n' in size <8> not available
(Font)              Font shape `OT1/ptm/b/n' tried instead on input line 731.
LaTeX Font Info:    Font shape `OT1/ptm/bx/it' in size <8> not available
(Font)              Font shape `OT1/ptm/b/it' tried instead on input line 731.
LaTeX Font Info:    Font shape `OT1/ptm/bx/n' in size <9> not available
(Font)              Font shape `OT1/ptm/b/n' tried instead on input line 731.
LaTeX Font Info:    Font shape `OT1/ptm/bx/it' in size <9> not available
(Font)              Font shape `OT1/ptm/b/it' tried instead on input line 731.
LaTeX Font Info:    Font shape `OT1/ptm/bx/n' in size <10> not available
(Font)              Font shape `OT1/ptm/b/n' tried instead on input line 731.
LaTeX Font Info:    Font shape `OT1/ptm/bx/it' in size <10> not available
(Font)              Font shape `OT1/ptm/b/it' tried instead on input line 731.
LaTeX Font Info:    Font shape `OT1/ptm/bx/n' in size <11> not available
(Font)              Font shape `OT1/ptm/b/n' tried instead on input line 731.
LaTeX Font Info:    Font shape `OT1/ptm/bx/it' in size <11> not available
(Font)              Font shape `OT1/ptm/b/it' tried instead on input line 731.
LaTeX Font Info:    Font shape `OT1/ptm/bx/n' in size <12> not available
(Font)              Font shape `OT1/ptm/b/n' tried instead on input line 731.
LaTeX Font Info:    Font shape `OT1/ptm/bx/it' in size <12> not available
(Font)              Font shape `OT1/ptm/b/it' tried instead on input line 731.
LaTeX Font Info:    Font shape `OT1/ptm/bx/n' in size <17> not available
(Font)              Font shape `OT1/ptm/b/n' tried instead on input line 731.
LaTeX Font Info:    Font shape `OT1/ptm/bx/it' in size <17> not available
(Font)              Font shape `OT1/ptm/b/it' tried instead on input line 731.
LaTeX Font Info:    Font shape `OT1/ptm/bx/n' in size <20> not available
(Font)              Font shape `OT1/ptm/b/n' tried instead on input line 731.
LaTeX Font Info:    Font shape `OT1/ptm/bx/it' in size <20> not available
(Font)              Font shape `OT1/ptm/b/it' tried instead on input line 731.
LaTeX Font Info:    Font shape `OT1/ptm/bx/n' in size <24> not available
(Font)              Font shape `OT1/ptm/b/n' tried instead on input line 731.
LaTeX Font Info:    Font shape `OT1/ptm/bx/it' in size <24> not available
(Font)              Font shape `OT1/ptm/b/it' tried instead on input line 731.
\IEEEilabelindentA=\dimen108
\IEEEilabelindentB=\dimen109
\IEEEilabelindent=\dimen110
\IEEEelabelindent=\dimen111
\IEEEdlabelindent=\dimen112
\IEEElabelindent=\dimen113
\IEEEiednormlabelsep=\dimen114
\IEEEiedmathlabelsep=\dimen115
\IEEEiedtopsep=\skip41
\c@section=\count81
\c@subsection=\count82
\c@subsubsection=\count83
\c@paragraph=\count84
\c@IEEEsubequation=\count85
\abovecaptionskip=\skip42
\belowcaptionskip=\skip43
\c@figure=\count86
\c@table=\count87
\@IEEEeqnnumcols=\count88
\@IEEEeqncolcnt=\count89
\@IEEEtmpitemindent=\dimen116
\c@IEEEbiography=\count90
\@IEEEtranrubishbin=\box26
) (/usr/local/texlive/2011/texmf-dist/tex/latex/cite/cite.sty
LaTeX Info: Redefining \cite on input line 302.
LaTeX Info: Redefining \nocite on input line 373.
Package: cite 2010/09/10  v 5.3
)
(/usr/local/texlive/2011/texmf-dist/tex/latex/base/alltt.sty
Package: alltt 1997/06/16 v2.0g defines alltt environment
)
(/usr/local/texlive/2011/texmf-dist/tex/latex/graphics/color.sty
Package: color 2005/11/14 v1.0j Standard LaTeX Color (DPC)

(/usr/local/texlive/2011/texmf-dist/tex/latex/latexconfig/color.cfg
File: color.cfg 2007/01/18 v1.5 color configuration of teTeX/TeXLive
)
Package color Info: Driver file: pdftex.def on input line 130.

(/usr/local/texlive/2011/texmf-dist/tex/latex/pdftex-def/pdftex.def
File: pdftex.def 2011/05/27 v0.06d Graphics/color for pdfTeX

(/usr/local/texlive/2011/texmf-dist/tex/generic/oberdiek/infwarerr.sty
Package: infwarerr 2010/04/08 v1.3 Providing info/warning/message (HO)
)
(/usr/local/texlive/2011/texmf-dist/tex/generic/oberdiek/ltxcmds.sty
Package: ltxcmds 2011/04/18 v1.20 LaTeX kernel commands for general use (HO)
)
\Gread@gobject=\count91
))
(/usr/local/texlive/2011/texmf-dist/tex/latex/xcolor/xcolor.sty
Package: xcolor 2007/01/21 v2.11 LaTeX color extensions (UK)

(/usr/local/texlive/2011/texmf-dist/tex/latex/latexconfig/color.cfg
File: color.cfg 2007/01/18 v1.5 color configuration of teTeX/TeXLive
)
Package xcolor Info: Package option `usenames' ignored on input line 216.
Package xcolor Info: Driver file: pdftex.def on input line 225.

(/usr/local/texlive/2011/texmf-dist/tex/latex/colortbl/colortbl.sty
Package: colortbl 2001/02/13 v0.1j Color table columns (DPC)

(/usr/local/texlive/2011/texmf-dist/tex/latex/tools/array.sty
Package: array 2008/09/09 v2.4c Tabular extension package (FMi)
\col@sep=\dimen117
\extrarowheight=\dimen118
\NC@list=\toks15
\extratabsurround=\skip44
\backup@length=\skip45
)
\everycr=\toks16
\minrowclearance=\skip46
)
LaTeX Info: Redefining \color on input line 702.
\rownum=\count92
Package xcolor Info: Model `cmy' substituted by `cmy0' on input line 1337.
Package xcolor Info: Model `hsb' substituted by `rgb' on input line 1341.
Package xcolor Info: Model `RGB' extended on input line 1353.
Package xcolor Info: Model `HTML' substituted by `rgb' on input line 1355.
Package xcolor Info: Model `Hsb' substituted by `hsb' on input line 1356.
Package xcolor Info: Model `tHsb' substituted by `hsb' on input line 1357.
Package xcolor Info: Model `HSB' substituted by `hsb' on input line 1358.
Package xcolor Info: Model `Gray' substituted by `gray' on input line 1359.
Package xcolor Info: Model `wave' substituted by `hsb' on input line 1360.

(/usr/local/texlive/2011/texmf-dist/tex/latex/graphics/dvipsnam.def
File: dvipsnam.def 1999/02/16 v3.0i Driver-dependant file (DPC,SPQR)
)
(/usr/local/texlive/2011/texmf-dist/tex/latex/xcolor/svgnam.def
File: svgnam.def 2007/01/21 v2.11 Predefined colors according to SVG 1.1 (UK)
))
(/usr/local/texlive/2011/texmf-dist/tex/latex/listings/listings.sty
(/usr/local/texlive/2011/texmf-dist/tex/latex/graphics/keyval.sty
Package: keyval 1999/03/16 v1.13 key=value parser (DPC)
\KV@toks@=\toks17
)
\lst@mode=\count93
\lst@gtempboxa=\box27
\lst@token=\toks18
\lst@length=\count94
\lst@currlwidth=\dimen119
\lst@column=\count95
\lst@pos=\count96
\lst@lostspace=\dimen120
\lst@width=\dimen121
\lst@newlines=\count97
\lst@lineno=\count98
\lst@maxwidth=\dimen122

(/usr/local/texlive/2011/texmf-dist/tex/latex/listings/lstmisc.sty
File: lstmisc.sty 2007/02/22 1.4 (Carsten Heinz)
\c@lstnumber=\count99
\lst@skipnumbers=\count100
\lst@framebox=\box28
)
(/usr/local/texlive/2011/texmf-dist/tex/latex/listings/listings.cfg
File: listings.cfg 2007/02/22 1.4 listings configuration
))
Package: listings 2007/02/22 1.4 (Carsten Heinz)

(/usr/local/texlive/2011/texmf-dist/tex/latex/listings/lstlang1.sty
File: lstlang1.sty 2004/09/05 1.3 listings language file
)
(/usr/local/texlive/2011/texmf-dist/tex/latex/float/float.sty
Package: float 2001/11/08 v1.3d Float enhancements (AL)
\c@float@type=\count101
\float@exts=\toks19
\float@box=\box29
\@float@everytoks=\toks20
\@floatcapt=\box30
)
\@float@every@codelisting=\toks21
\c@codelisting=\count102

(/usr/local/texlive/2011/texmf-dist/tex/latex/url/url.sty
\Urlmuskip=\muskip10
Package: url 2006/04/12  ver 3.3  Verb mode for urls, etc.
)
(/usr/local/texlive/2011/texmf-dist/tex/latex/placeins/placeins.sty
Package: placeins 2005/04/18  v 2.2
)
(./macros.tex) (./ace.aux)
\openout1 = `ace.aux'.

LaTeX Font Info:    Checking defaults for OML/cmm/m/it on input line 256.
LaTeX Font Info:    ... okay on input line 256.
LaTeX Font Info:    Checking defaults for T1/cmr/m/n on input line 256.
LaTeX Font Info:    ... okay on input line 256.
LaTeX Font Info:    Checking defaults for OT1/cmr/m/n on input line 256.
LaTeX Font Info:    ... okay on input line 256.
LaTeX Font Info:    Checking defaults for OMS/cmsy/m/n on input line 256.
LaTeX Font Info:    ... okay on input line 256.
LaTeX Font Info:    Checking defaults for OMX/cmex/m/n on input line 256.
LaTeX Font Info:    ... okay on input line 256.
LaTeX Font Info:    Checking defaults for U/cmr/m/n on input line 256.
LaTeX Font Info:    ... okay on input line 256.

(/usr/local/texlive/2011/texmf-dist/tex/context/base/supp-pdf.mkii
[Loading MPS to PDF converter (version 2006.09.02).]
\scratchcounter=\count103
\scratchdimen=\dimen123
\scratchbox=\box31
\nofMPsegments=\count104
\nofMParguments=\count105
\everyMPshowfont=\toks22
\MPscratchCnt=\count106
\MPscratchDim=\dimen124
\MPnumerator=\count107
\makeMPintoPDFobject=\count108
\everyMPtoPDFconversion=\toks23
)
\c@lstlisting=\count109
LaTeX Font Info:    Font shape `OT1/ptm/bx/n' in size <14> not available
(Font)              Font shape `OT1/ptm/b/n' tried instead on input line 306.
LaTeX Font Info:    Try loading font information for OT1+phv on input line 306.

 (/usr/local/texlive/2011/texmf-dist/tex/latex/psnfss/ot1phv.fd
File: ot1phv.fd 2001/06/04 scalable font definitions for OT1/phv.
)
LaTeX Font Info:    Font shape `OT1/phv/bx/n' in size <14> not available
(Font)              Font shape `OT1/phv/b/n' tried instead on input line 306.
LaTeX Font Info:    External font `cmex10' loaded for size
(Font)              <7> on input line 306.
LaTeX Font Info:    External font `cmex10' loaded for size
(Font)              <5> on input line 306.


LaTeX Warning: Citation `upc' on page 1 undefined on input line 340.


LaTeX Warning: Citation `caf' on page 1 undefined on input line 340.


LaTeX Warning: Citation `x10' on page 1 undefined on input line 340.


LaTeX Warning: Citation `chapel' on page 1 undefined on input line 340.


LaTeX Warning: Citation `erlang' on page 1 undefined on input line 341.


LaTeX Warning: Citation `charm' on page 1 undefined on input line 341.


LaTeX Warning: Citation `occam' on page 1 undefined on input line 341.


LaTeX Warning: Citation `axum' on page 1 undefined on input line 341.


LaTeX Warning: Citation `cilk' on page 1 undefined on input line 342.


LaTeX Warning: Citation `nesl' on page 1 undefined on input line 342.


LaTeX Warning: Citation `ppfirstclass' on page 1 undefined on input line 346.

[1{/usr/local/texlive/2011/texmf-var/fonts/map/pdftex/updmap/pdftex.map}


]

LaTeX Warning: Reference `abstractions' on page 2 undefined on input line 348.


LaTeX Warning: Reference `clegans' on page 2 undefined on input line 352.

LaTeX Font Info:    Try loading font information for OT1+txtt on input line 355
.
(/usr/local/texlive/2011/texmf-dist/tex/latex/txfonts/ot1txtt.fd
File: ot1txtt.fd 2000/12/15 v3.1
)
LaTeX Font Info:    Font shape `OT1/txtt/bx/n' in size <8> not available
(Font)              Font shape `OT1/txtt/b/n' tried instead on input line 356.


LaTeX Warning: Reference `pyopencl' on page 2 undefined on input line 399.

[2] (/usr/local/texlive/2011/texmf-dist/tex/latex/listings/lstlang1.sty
File: lstlang1.sty 2004/09/05 1.3 listings language file
)
(/usr/local/texlive/2011/texmf-dist/tex/latex/listings/lstlang1.sty
File: lstlang1.sty 2004/09/05 1.3 listings language file
)
(/usr/local/texlive/2011/texmf-dist/tex/latex/listings/lstmisc.sty
File: lstmisc.sty 2007/02/22 1.4 (Carsten Heinz)
)

LaTeX Warning: Reference `att' on page 3 undefined on input line 475.


Underfull \hbox (badness 2229) in paragraph at lines 475--476
[]\OT1/ptm/b/n/10 Types in Ace are val-ues in the met-a-lan-guage\OT1/ptm/m/n/1
0 ,
 []

[3]

LaTeX Warning: Reference `att' on page 4 undefined on input line 488.


Overfull \hbox (2.49109pt too wide) in paragraph at lines 492--494
[][][][][][][][][][][][][][][][][][][][][][] 
 []


LaTeX Warning: Citation `pyopencl' on page 4 undefined on input line 530.


LaTeX Warning: Reference `casestudy' on page 4 undefined on input line 530.

[4]
LaTeX Font Info:    Font shape `OT1/txtt/m/it' in size <8> not available
(Font)              Font shape `OT1/txtt/m/sl' tried instead on input line 540.



LaTeX Warning: Citation `pycuda' on page 5 undefined on input line 553.


LaTeX Warning: Citation `pyopencl' on page 5 undefined on input line 555.


LaTeX Warning: Citation `pyopencl' on page 5 undefined on input line 559.

[5]
LaTeX Font Info:    External font `cmex10' loaded for size
(Font)              <8> on input line 573.
LaTeX Font Info:    External font `cmex10' loaded for size
(Font)              <6> on input line 573.


LaTeX Warning: Reference `types' on page 6 undefined on input line 578.


Underfull \hbox (badness 1681) in paragraph at lines 578--579
\OT1/ptm/m/n/10 dis-patch pro-to-col, is re-spon-si-ble for as-sign-ing a type
 []


Underfull \hbox (badness 2951) in paragraph at lines 578--579
\OT1/ptm/m/n/10 to the ex-pres-sion as a whole. Let us con-sider the
 []


Underfull \hbox (badness 2418) in paragraph at lines 578--579
\OT1/ptm/m/n/10 com-piled on Line 9 of List-ing 4[], its first two ar-
 []


Underfull \hbox (badness 1953) in paragraph at lines 578--579
\OT1/ptm/m/n/10 de-scribed in Sec-tion [], this type, ab-bre-vi-ated []\OT1/txt
t/m/n/10 A\OT1/ptm/m/n/10 , is
 []

[6]

LaTeX Warning: Reference `multiparadigm' on page 7 undefined on input line 627.



LaTeX Warning: Reference `extensions' on page 7 undefined on input line 627.


LaTeX Warning: Reference `multiparadigm' on page 7 undefined on input line 633.



LaTeX Warning: Reference `verifiability' on page 7 undefined on input line 636.



Underfull \hbox (badness 10000) in paragraph at lines 642--643
 \OT1/ptm/m/it/10 In-stru-men-ta-tion: [][] \OT1/ptm/m/n/10 Sev-eral so-phis-ti
-cated feedback-
 []


Underfull \hbox (badness 1939) in paragraph at lines 642--643
\OT1/ptm/m/n/10 directed op-ti-miza-tions and adap-tive run-time pro-to-cols
 []


LaTeX Warning: Reference `social' on page 7 undefined on input line 646.

[7]

LaTeX Warning: Citation `neurobook' on page 8 undefined on input line 649.


Underfull \vbox (badness 10000) has occurred while \output is active []

 [8]

LaTeX Warning: Reference `hof' on page 9 undefined on input line 706.


LaTeX Warning: Reference `syntax' on page 9 undefined on input line 708.

[9]

LaTeX Warning: Reference `repcon' on page 10 undefined on input line 749.


LaTeX Warning: Reference `clegans' on page 10 undefined on input line 750.


LaTeX Warning: Reference `syntax' on page 10 undefined on input line 753.


LaTeX Warning: Reference `tools' on page 10 undefined on input line 753.

[10] (./ace.bbl
Underfull \hbox (badness 1939) in paragraph at lines 56--60
\OT1/ptm/m/n/9 F. Shull, and M. Zelkowitz, ``Un-der-stand-ing the high-
 []

LaTeX Font Info:    External font `cmex10' loaded for size
(Font)              <9> on input line 73.
[11]
Underfull \hbox (badness 10000) in paragraph at lines 156--163
\OT1/ptm/m/n/9 ``Open-Java: A class-based macro sys-tem for java,''
 []


Underfull \hbox (badness 10000) in paragraph at lines 156--163
\OT1/ptm/m/n/9 in \OT1/ptm/m/it/9 Re-flec-tion and Soft-ware En-gi-neer-ing, Pa
-pers
 []


Underfull \hbox (badness 10000) in paragraph at lines 156--163
\OT1/ptm/m/it/9 from OORaSE 1999, 1st OOP-SLA Work-shop on
 []


Underfull \hbox (badness 10000) in paragraph at lines 156--163
\OT1/ptm/m/it/9 Re-flec-tion and Soft-ware En-gi-neer-ing\OT1/ptm/m/n/9 , ser. 
Lec-ture
 []


Underfull \hbox (badness 10000) in paragraph at lines 156--163
\OT1/ptm/m/n/9 Notes in Com-puter Sci-ence. Den-ver, Col-orado,
 []


Underfull \hbox (badness 1975) in paragraph at lines 156--163
\OT1/ptm/m/n/9 USA: Springer Ver-lag, 2000, vol. 1826, pp. 117--133,
 []


Overfull \hbox (61.014pt too wide) in paragraph at lines 156--163
\OT1/ptm/m/n/9 http://www.csg.is.titech.ac.jp/$\OMS/cmsy/m/n/9 ^^X$\OT1/ptm/m/n
/9 mich/openjava/papers/mich[]2000lncs1826.pdf. 
 []

)

** Conference Paper **
Before submitting the final camera ready copy, remember to:

 1. Manually equalize the lengths of two columns on the last page
 of your paper;

 2. Ensure that any PostScript and/or PDF output post-processing
 uses only Type 1 fonts and that every step in the generation
 process uses the appropriate paper size.

[12

] (./ace.aux)

LaTeX Warning: There were undefined references.

 ) 
Here is how much of TeX's memory you used:
 4541 strings out of 493633
 65423 string characters out of 3143378
 176875 words of memory out of 3000000
 7792 multiletter control sequences out of 15000+200000
 48655 words of font info for 88 fonts, out of 3000000 for 9000
 834 hyphenation exceptions out of 8191
 41i,9n,67p,1266b,1189s stack positions out of 5000i,500n,10000p,200000b,50000s
{/usr/local/texlive/2011/texmf-dist/fonts/enc/dvips/base/8r.enc}</usr/local/t
exlive/2011/texmf-dist/fonts/type1/public/amsfonts/cm/cmmi10.pfb></usr/local/te
xlive/2011/texmf-dist/fonts/type1/public/amsfonts/cm/cmr10.pfb></usr/local/texl
ive/2011/texmf-dist/fonts/type1/public/amsfonts/cm/cmsy7.pfb></usr/local/texliv
e/2011/texmf-dist/fonts/type1/public/amsfonts/cm/cmsy9.pfb></usr/local/texlive/
2011/texmf-dist/fonts/type1/public/txfonts/txbtt.pfb></usr/local/texlive/2011/t
exmf-dist/fonts/type1/public/txfonts/txtt.pfb></usr/local/texlive/2011/texmf-di
st/fonts/type1/public/txfonts/txtt.pfb></usr/local/texlive/2011/texmf-dist/font
s/type1/urw/helvetic/uhvb8a.pfb></usr/local/texlive/2011/texmf-dist/fonts/type1
/urw/helvetic/uhvr8a.pfb></usr/local/texlive/2011/texmf-dist/fonts/type1/urw/ti
mes/utmb8a.pfb></usr/local/texlive/2011/texmf-dist/fonts/type1/urw/times/utmbi8
a.pfb></usr/local/texlive/2011/texmf-dist/fonts/type1/urw/times/utmr8a.pfb></us
r/local/texlive/2011/texmf-dist/fonts/type1/urw/times/utmri8a.pfb>
Output written on ace.pdf (12 pages, 182365 bytes).
PDF statistics:
 96 PDF objects out of 1000 (max. 8388607)
 68 compressed objects within 1 object stream
 0 named destinations out of 1000 (max. 500000)
 1 words of extra memory for PDF output out of 10000 (max. 10000000)

