This is pdfTeX, Version 3.1415926-2.3-1.40.12 (TeX Live 2011) (format=pdflatex 2011.7.3)  25 SEP 2012 13:37
entering extended mode
 restricted \write18 enabled.
 file:line:error style messages enabled.
 %&-line parsing enabled.
**ace-ipdps13.tex
(./ace-ipdps13.tex
LaTeX2e <2009/09/24>
Babel <v3.8l> and hyphenation patterns for english, dumylang, nohyphenation, ge
rman-x-2009-06-19, ngerman-x-2009-06-19, afrikaans, ancientgreek, ibycus, arabi
c, armenian, basque, bulgarian, catalan, pinyin, coptic, croatian, czech, danis
h, dutch, ukenglish, usenglishmax, esperanto, estonian, ethiopic, farsi, finnis
h, french, galician, german, ngerman, swissgerman, monogreek, greek, hungarian,
 icelandic, assamese, bengali, gujarati, hindi, kannada, malayalam, marathi, or
iya, panjabi, tamil, telugu, indonesian, interlingua, irish, italian, kurmanji,
 lao, latin, latvian, lithuanian, mongolian, mongolianlmc, bokmal, nynorsk, pol
ish, portuguese, romanian, russian, sanskrit, serbian, serbianc, slovak, sloven
ian, spanish, swedish, turkish, turkmen, ukrainian, uppersorbian, welsh, loaded
.
(./IEEEtran.cls
Document Class: IEEEtran 2007/03/05 V1.7a by Michael Shell
-- See the "IEEEtran_HOWTO" manual for usage information.
-- http://www.michaelshell.org/tex/ieeetran/
\@IEEEtrantmpdimenA=\dimen102
\@IEEEtrantmpdimenB=\dimen103
\@IEEEtrantmpcountA=\count79
\@IEEEtrantmpcountB=\count80
\@IEEEtrantmptoksA=\toks14
LaTeX Font Info:    Try loading font information for OT1+ptm on input line 373.

(/usr/local/texlive/2011/texmf-dist/tex/latex/psnfss/ot1ptm.fd
File: ot1ptm.fd 2001/06/04 font definitions for OT1/ptm.
)
-- Using 8.5in x 11in (letter) paper.
-- Using PDF output.
\@IEEEnormalsizeunitybaselineskip=\dimen104
-- This is a 10 point document.
\CLASSINFOnormalsizebaselineskip=\dimen105
\CLASSINFOnormalsizeunitybaselineskip=\dimen106
\IEEEnormaljot=\dimen107
LaTeX Font Info:    Font shape `OT1/ptm/bx/n' in size <5> not available
(Font)              Font shape `OT1/ptm/b/n' tried instead on input line 731.
LaTeX Font Info:    Font shape `OT1/ptm/bx/it' in size <5> not available
(Font)              Font shape `OT1/ptm/b/it' tried instead on input line 731.
LaTeX Font Info:    Font shape `OT1/ptm/bx/n' in size <7> not available
(Font)              Font shape `OT1/ptm/b/n' tried instead on input line 731.
LaTeX Font Info:    Font shape `OT1/ptm/bx/it' in size <7> not available
(Font)              Font shape `OT1/ptm/b/it' tried instead on input line 731.
LaTeX Font Info:    Font shape `OT1/ptm/bx/n' in size <8> not available
(Font)              Font shape `OT1/ptm/b/n' tried instead on input line 731.
LaTeX Font Info:    Font shape `OT1/ptm/bx/it' in size <8> not available
(Font)              Font shape `OT1/ptm/b/it' tried instead on input line 731.
LaTeX Font Info:    Font shape `OT1/ptm/bx/n' in size <9> not available
(Font)              Font shape `OT1/ptm/b/n' tried instead on input line 731.
LaTeX Font Info:    Font shape `OT1/ptm/bx/it' in size <9> not available
(Font)              Font shape `OT1/ptm/b/it' tried instead on input line 731.
LaTeX Font Info:    Font shape `OT1/ptm/bx/n' in size <10> not available
(Font)              Font shape `OT1/ptm/b/n' tried instead on input line 731.
LaTeX Font Info:    Font shape `OT1/ptm/bx/it' in size <10> not available
(Font)              Font shape `OT1/ptm/b/it' tried instead on input line 731.
LaTeX Font Info:    Font shape `OT1/ptm/bx/n' in size <11> not available
(Font)              Font shape `OT1/ptm/b/n' tried instead on input line 731.
LaTeX Font Info:    Font shape `OT1/ptm/bx/it' in size <11> not available
(Font)              Font shape `OT1/ptm/b/it' tried instead on input line 731.
LaTeX Font Info:    Font shape `OT1/ptm/bx/n' in size <12> not available
(Font)              Font shape `OT1/ptm/b/n' tried instead on input line 731.
LaTeX Font Info:    Font shape `OT1/ptm/bx/it' in size <12> not available
(Font)              Font shape `OT1/ptm/b/it' tried instead on input line 731.
LaTeX Font Info:    Font shape `OT1/ptm/bx/n' in size <17> not available
(Font)              Font shape `OT1/ptm/b/n' tried instead on input line 731.
LaTeX Font Info:    Font shape `OT1/ptm/bx/it' in size <17> not available
(Font)              Font shape `OT1/ptm/b/it' tried instead on input line 731.
LaTeX Font Info:    Font shape `OT1/ptm/bx/n' in size <20> not available
(Font)              Font shape `OT1/ptm/b/n' tried instead on input line 731.
LaTeX Font Info:    Font shape `OT1/ptm/bx/it' in size <20> not available
(Font)              Font shape `OT1/ptm/b/it' tried instead on input line 731.
LaTeX Font Info:    Font shape `OT1/ptm/bx/n' in size <24> not available
(Font)              Font shape `OT1/ptm/b/n' tried instead on input line 731.
LaTeX Font Info:    Font shape `OT1/ptm/bx/it' in size <24> not available
(Font)              Font shape `OT1/ptm/b/it' tried instead on input line 731.
\IEEEilabelindentA=\dimen108
\IEEEilabelindentB=\dimen109
\IEEEilabelindent=\dimen110
\IEEEelabelindent=\dimen111
\IEEEdlabelindent=\dimen112
\IEEElabelindent=\dimen113
\IEEEiednormlabelsep=\dimen114
\IEEEiedmathlabelsep=\dimen115
\IEEEiedtopsep=\skip41
\c@section=\count81
\c@subsection=\count82
\c@subsubsection=\count83
\c@paragraph=\count84
\c@IEEEsubequation=\count85
\abovecaptionskip=\skip42
\belowcaptionskip=\skip43
\c@figure=\count86
\c@table=\count87
\@IEEEeqnnumcols=\count88
\@IEEEeqncolcnt=\count89
\@IEEEtmpitemindent=\dimen116
\c@IEEEbiography=\count90
\@IEEEtranrubishbin=\box26
) (/usr/local/texlive/2011/texmf-dist/tex/latex/cite/cite.sty
LaTeX Info: Redefining \cite on input line 302.
LaTeX Info: Redefining \nocite on input line 373.
Package: cite 2010/09/10  v 5.3
)
(/usr/local/texlive/2011/texmf-dist/tex/latex/url/url.sty
\Urlmuskip=\muskip10
Package: url 2006/04/12  ver 3.3  Verb mode for urls, etc.
)
(/usr/local/texlive/2011/texmf-dist/tex/latex/graphics/color.sty
Package: color 2005/11/14 v1.0j Standard LaTeX Color (DPC)

(/usr/local/texlive/2011/texmf-dist/tex/latex/latexconfig/color.cfg
File: color.cfg 2007/01/18 v1.5 color configuration of teTeX/TeXLive
)
Package color Info: Driver file: pdftex.def on input line 130.

(/usr/local/texlive/2011/texmf-dist/tex/latex/pdftex-def/pdftex.def
File: pdftex.def 2011/05/27 v0.06d Graphics/color for pdfTeX

(/usr/local/texlive/2011/texmf-dist/tex/generic/oberdiek/infwarerr.sty
Package: infwarerr 2010/04/08 v1.3 Providing info/warning/message (HO)
)
(/usr/local/texlive/2011/texmf-dist/tex/generic/oberdiek/ltxcmds.sty
Package: ltxcmds 2011/04/18 v1.20 LaTeX kernel commands for general use (HO)
)
\Gread@gobject=\count91
))
(./macros.tex) (./ace-ipdps13.aux)
\openout1 = `ace-ipdps13.aux'.

LaTeX Font Info:    Checking defaults for OML/cmm/m/it on input line 355.
LaTeX Font Info:    ... okay on input line 355.
LaTeX Font Info:    Checking defaults for T1/cmr/m/n on input line 355.
LaTeX Font Info:    ... okay on input line 355.
LaTeX Font Info:    Checking defaults for OT1/cmr/m/n on input line 355.
LaTeX Font Info:    ... okay on input line 355.
LaTeX Font Info:    Checking defaults for OMS/cmsy/m/n on input line 355.
LaTeX Font Info:    ... okay on input line 355.
LaTeX Font Info:    Checking defaults for OMX/cmex/m/n on input line 355.
LaTeX Font Info:    ... okay on input line 355.
LaTeX Font Info:    Checking defaults for U/cmr/m/n on input line 355.
LaTeX Font Info:    ... okay on input line 355.

(/usr/local/texlive/2011/texmf-dist/tex/context/base/supp-pdf.mkii
[Loading MPS to PDF converter (version 2006.09.02).]
\scratchcounter=\count92
\scratchdimen=\dimen117
\scratchbox=\box27
\nofMPsegments=\count93
\nofMParguments=\count94
\everyMPshowfont=\toks15
\MPscratchCnt=\count95
\MPscratchDim=\dimen118
\MPnumerator=\count96
\makeMPintoPDFobject=\count97
\everyMPtoPDFconversion=\toks16
)
LaTeX Font Info:    Font shape `OT1/ptm/bx/n' in size <14> not available
(Font)              Font shape `OT1/ptm/b/n' tried instead on input line 405.
LaTeX Font Info:    Try loading font information for OT1+phv on input line 405.

 (/usr/local/texlive/2011/texmf-dist/tex/latex/psnfss/ot1phv.fd
File: ot1phv.fd 2001/06/04 scalable font definitions for OT1/phv.
)
LaTeX Font Info:    Font shape `OT1/phv/bx/n' in size <14> not available
(Font)              Font shape `OT1/phv/b/n' tried instead on input line 405.
LaTeX Font Info:    External font `cmex10' loaded for size
(Font)              <7> on input line 405.
LaTeX Font Info:    External font `cmex10' loaded for size
(Font)              <5> on input line 405.
 [1{/usr/local/texlive/2011/texmf-var/fonts/map/pdftex/updmap/pdftex.map}


]

LaTeX Warning: Reference `att' on page 2 undefined on input line 450.


LaTeX Warning: Reference `abstractions' on page 2 undefined on input line 450.


LaTeX Warning: Reference `repcon' on page 2 undefined on input line 459.


LaTeX Warning: Reference `clegans' on page 2 undefined on input line 460.


Underfull \vbox (badness 10000) has occurred while \output is active []

LaTeX Font Info:    Try loading font information for OT1+txtt on input line 498
.

(/usr/local/texlive/2011/texmf-dist/tex/latex/txfonts/ot1txtt.fd
File: ot1txtt.fd 2000/12/15 v3.1
)

LaTeX Warning: Reference `syntax' on page 2 undefined on input line 501.


LaTeX Warning: Reference `tools' on page 2 undefined on input line 501.


LaTeX Warning: Reference `portability' on page 2 undefined on input line 552.

[2]

LaTeX Warning: Reference `hof' on page 3 undefined on input line 554.


LaTeX Warning: Reference `syntax' on page 3 undefined on input line 559.


LaTeX Warning: Reference `syntax' on page 3 undefined on input line 566.


LaTeX Warning: Reference `hof' on page 3 undefined on input line 569.


LaTeX Warning: Reference `syntax' on page 3 undefined on input line 571.

[3]

LaTeX Warning: Reference `hof' on page 4 undefined on input line 574.

LaTeX Font Info:    Font shape `OT1/phv/m/it' in size <10> not available
(Font)              Font shape `OT1/phv/m/sl' tried instead on input line 578.

LaTeX Warning: Reference `modularity' on page 4 undefined on input line 582.

[4]
LaTeX Font Info:    External font `cmex10' loaded for size
(Font)              <8> on input line 624.
LaTeX Font Info:    External font `cmex10' loaded for size
(Font)              <6> on input line 624.


LaTeX Warning: Reference `extensions' on page 5 undefined on input line 634.


LaTeX Warning: Reference `errors' on page 5 undefined on input line 673.

[5]

LaTeX Warning: Reference `multiparadigm' on page 6 undefined on input line 685.



LaTeX Warning: Reference `extensions' on page 6 undefined on input line 685.


LaTeX Warning: Reference `multiparadigm' on page 6 undefined on input line 691.



Underfull \vbox (badness 1424) has occurred while \output is active []



LaTeX Warning: Reference `verifiability' on page 6 undefined on input line 694.



Underfull \hbox (badness 3668) in paragraph at lines 694--695
 \OT1/ptm/m/it/10 Domain-Specific Type Sys-tems: [][] $[]$ \OT1/ptm/m/n/10 is a

 []


Underfull \hbox (badness 10000) in paragraph at lines 700--701
 \OT1/ptm/m/it/10 In-stru-men-ta-tion: [][] \OT1/ptm/m/n/10 Sev-eral so-phis-ti
-cated feedback-
 []


Underfull \hbox (badness 1939) in paragraph at lines 700--701
\OT1/ptm/m/n/10 directed op-ti-miza-tions and adap-tive run-time pro-to-cols
 []


LaTeX Warning: Reference `social' on page 6 undefined on input line 706.

[6]

LaTeX Warning: Citation `neurobook' on page 7 undefined on input line 709.

[7] (./ace-ipdps13.bbl
Underfull \hbox (badness 1939) in paragraph at lines 56--60
\OT1/ptm/m/n/9 F. Shull, and M. Zelkowitz, ``Un-der-stand-ing the high-
 []

LaTeX Font Info:    External font `cmex10' loaded for size
(Font)              <9> on input line 66.
)

** Conference Paper **
Before submitting the final camera ready copy, remember to:

 1. Manually equalize the lengths of two columns on the last page
 of your paper;

 2. Ensure that any PostScript and/or PDF output post-processing
 uses only Type 1 fonts and that every step in the generation
 process uses the appropriate paper size.

[8] (./ace-ipdps13.aux)

LaTeX Warning: There were undefined references.

 ) 
Here is how much of TeX's memory you used:
 2047 strings out of 493633
 30612 string characters out of 3143378
 90497 words of memory out of 3000000
 5353 multiletter control sequences out of 15000+200000
 50199 words of font info for 89 fonts, out of 3000000 for 9000
 834 hyphenation exceptions out of 8191
 26i,9n,20p,1307b,433s stack positions out of 5000i,500n,10000p,200000b,50000s
{/usr/local/texlive/2011/texmf-dist/fonts/enc/dvips/base/8r.enc}</usr/local/t
exlive/2011/texmf-dist/fonts/type1/public/amsfonts/cm/cmsy7.pfb></usr/local/tex
live/2011/texmf-dist/fonts/type1/public/txfonts/txtt.pfb></usr/local/texlive/20
11/texmf-dist/fonts/type1/urw/helvetic/uhvb8a.pfb></usr/local/texlive/2011/texm
f-dist/fonts/type1/urw/helvetic/uhvr8a.pfb></usr/local/texlive/2011/texmf-dist/
fonts/type1/urw/helvetic/uhvro8a.pfb></usr/local/texlive/2011/texmf-dist/fonts/
type1/urw/times/utmb8a.pfb></usr/local/texlive/2011/texmf-dist/fonts/type1/urw/
times/utmbi8a.pfb></usr/local/texlive/2011/texmf-dist/fonts/type1/urw/times/utm
r8a.pfb></usr/local/texlive/2011/texmf-dist/fonts/type1/urw/times/utmri8a.pfb>
Output written on ace-ipdps13.pdf (8 pages, 129836 bytes).
PDF statistics:
 68 PDF objects out of 1000 (max. 8388607)
 48 compressed objects within 1 object stream
 0 named destinations out of 1000 (max. 500000)
 1 words of extra memory for PDF output out of 10000 (max. 10000000)

