This is pdfTeX, Version 3.1415926-2.3-1.40.12 (TeX Live 2011) (format=pdflatex 2011.7.3)  30 AUG 2012 14:27
entering extended mode
 restricted \write18 enabled.
 file:line:error style messages enabled.
 %&-line parsing enabled.
**clq-ipdps13.tex
(./clq-ipdps13.tex
LaTeX2e <2009/09/24>
Babel <v3.8l> and hyphenation patterns for english, dumylang, nohyphenation, ge
rman-x-2009-06-19, ngerman-x-2009-06-19, afrikaans, ancientgreek, ibycus, arabi
c, armenian, basque, bulgarian, catalan, pinyin, coptic, croatian, czech, danis
h, dutch, ukenglish, usenglishmax, esperanto, estonian, ethiopic, farsi, finnis
h, french, galician, german, ngerman, swissgerman, monogreek, greek, hungarian,
 icelandic, assamese, bengali, gujarati, hindi, kannada, malayalam, marathi, or
iya, panjabi, tamil, telugu, indonesian, interlingua, irish, italian, kurmanji,
 lao, latin, latvian, lithuanian, mongolian, mongolianlmc, bokmal, nynorsk, pol
ish, portuguese, romanian, russian, sanskrit, serbian, serbianc, slovak, sloven
ian, spanish, swedish, turkish, turkmen, ukrainian, uppersorbian, welsh, loaded
.
(./IEEEtran.cls
Document Class: IEEEtran 2007/03/05 V1.7a by Michael Shell
-- See the "IEEEtran_HOWTO" manual for usage information.
-- http://www.michaelshell.org/tex/ieeetran/
\@IEEEtrantmpdimenA=\dimen102
\@IEEEtrantmpdimenB=\dimen103
\@IEEEtrantmpcountA=\count79
\@IEEEtrantmpcountB=\count80
\@IEEEtrantmptoksA=\toks14
LaTeX Font Info:    Try loading font information for OT1+ptm on input line 373.

(/usr/local/texlive/2011/texmf-dist/tex/latex/psnfss/ot1ptm.fd
File: ot1ptm.fd 2001/06/04 font definitions for OT1/ptm.
)
-- Using 8.5in x 11in (letter) paper.
-- Using PDF output.
\@IEEEnormalsizeunitybaselineskip=\dimen104
-- This is a 10 point document.
\CLASSINFOnormalsizebaselineskip=\dimen105
\CLASSINFOnormalsizeunitybaselineskip=\dimen106
\IEEEnormaljot=\dimen107
LaTeX Font Info:    Font shape `OT1/ptm/bx/n' in size <5> not available
(Font)              Font shape `OT1/ptm/b/n' tried instead on input line 731.
LaTeX Font Info:    Font shape `OT1/ptm/bx/it' in size <5> not available
(Font)              Font shape `OT1/ptm/b/it' tried instead on input line 731.
LaTeX Font Info:    Font shape `OT1/ptm/bx/n' in size <7> not available
(Font)              Font shape `OT1/ptm/b/n' tried instead on input line 731.
LaTeX Font Info:    Font shape `OT1/ptm/bx/it' in size <7> not available
(Font)              Font shape `OT1/ptm/b/it' tried instead on input line 731.
LaTeX Font Info:    Font shape `OT1/ptm/bx/n' in size <8> not available
(Font)              Font shape `OT1/ptm/b/n' tried instead on input line 731.
LaTeX Font Info:    Font shape `OT1/ptm/bx/it' in size <8> not available
(Font)              Font shape `OT1/ptm/b/it' tried instead on input line 731.
LaTeX Font Info:    Font shape `OT1/ptm/bx/n' in size <9> not available
(Font)              Font shape `OT1/ptm/b/n' tried instead on input line 731.
LaTeX Font Info:    Font shape `OT1/ptm/bx/it' in size <9> not available
(Font)              Font shape `OT1/ptm/b/it' tried instead on input line 731.
LaTeX Font Info:    Font shape `OT1/ptm/bx/n' in size <10> not available
(Font)              Font shape `OT1/ptm/b/n' tried instead on input line 731.
LaTeX Font Info:    Font shape `OT1/ptm/bx/it' in size <10> not available
(Font)              Font shape `OT1/ptm/b/it' tried instead on input line 731.
LaTeX Font Info:    Font shape `OT1/ptm/bx/n' in size <11> not available
(Font)              Font shape `OT1/ptm/b/n' tried instead on input line 731.
LaTeX Font Info:    Font shape `OT1/ptm/bx/it' in size <11> not available
(Font)              Font shape `OT1/ptm/b/it' tried instead on input line 731.
LaTeX Font Info:    Font shape `OT1/ptm/bx/n' in size <12> not available
(Font)              Font shape `OT1/ptm/b/n' tried instead on input line 731.
LaTeX Font Info:    Font shape `OT1/ptm/bx/it' in size <12> not available
(Font)              Font shape `OT1/ptm/b/it' tried instead on input line 731.
LaTeX Font Info:    Font shape `OT1/ptm/bx/n' in size <17> not available
(Font)              Font shape `OT1/ptm/b/n' tried instead on input line 731.
LaTeX Font Info:    Font shape `OT1/ptm/bx/it' in size <17> not available
(Font)              Font shape `OT1/ptm/b/it' tried instead on input line 731.
LaTeX Font Info:    Font shape `OT1/ptm/bx/n' in size <20> not available
(Font)              Font shape `OT1/ptm/b/n' tried instead on input line 731.
LaTeX Font Info:    Font shape `OT1/ptm/bx/it' in size <20> not available
(Font)              Font shape `OT1/ptm/b/it' tried instead on input line 731.
LaTeX Font Info:    Font shape `OT1/ptm/bx/n' in size <24> not available
(Font)              Font shape `OT1/ptm/b/n' tried instead on input line 731.
LaTeX Font Info:    Font shape `OT1/ptm/bx/it' in size <24> not available
(Font)              Font shape `OT1/ptm/b/it' tried instead on input line 731.
\IEEEilabelindentA=\dimen108
\IEEEilabelindentB=\dimen109
\IEEEilabelindent=\dimen110
\IEEEelabelindent=\dimen111
\IEEEdlabelindent=\dimen112
\IEEElabelindent=\dimen113
\IEEEiednormlabelsep=\dimen114
\IEEEiedmathlabelsep=\dimen115
\IEEEiedtopsep=\skip41
\c@section=\count81
\c@subsection=\count82
\c@subsubsection=\count83
\c@paragraph=\count84
\c@IEEEsubequation=\count85
\abovecaptionskip=\skip42
\belowcaptionskip=\skip43
\c@figure=\count86
\c@table=\count87
\@IEEEeqnnumcols=\count88
\@IEEEeqncolcnt=\count89
\@IEEEtmpitemindent=\dimen116
\c@IEEEbiography=\count90
\@IEEEtranrubishbin=\box26
) (./macros.tex) (./clq-ipdps13.aux)
\openout1 = `clq-ipdps13.aux'.

LaTeX Font Info:    Checking defaults for OML/cmm/m/it on input line 351.
LaTeX Font Info:    ... okay on input line 351.
LaTeX Font Info:    Checking defaults for T1/cmr/m/n on input line 351.
LaTeX Font Info:    ... okay on input line 351.
LaTeX Font Info:    Checking defaults for OT1/cmr/m/n on input line 351.
LaTeX Font Info:    ... okay on input line 351.
LaTeX Font Info:    Checking defaults for OMS/cmsy/m/n on input line 351.
LaTeX Font Info:    ... okay on input line 351.
LaTeX Font Info:    Checking defaults for OMX/cmex/m/n on input line 351.
LaTeX Font Info:    ... okay on input line 351.
LaTeX Font Info:    Checking defaults for U/cmr/m/n on input line 351.
LaTeX Font Info:    ... okay on input line 351.
LaTeX Font Info:    Font shape `OT1/ptm/bx/n' in size <14> not available
(Font)              Font shape `OT1/ptm/b/n' tried instead on input line 400.
LaTeX Font Info:    Try loading font information for OT1+phv on input line 400.


(/usr/local/texlive/2011/texmf-dist/tex/latex/psnfss/ot1phv.fd
File: ot1phv.fd 2001/06/04 scalable font definitions for OT1/phv.
)
LaTeX Font Info:    Font shape `OT1/phv/bx/n' in size <14> not available
(Font)              Font shape `OT1/phv/b/n' tried instead on input line 400.
LaTeX Font Info:    Try loading font information for OT1+pcr on input line 400.


(/usr/local/texlive/2011/texmf-dist/tex/latex/psnfss/ot1pcr.fd
File: ot1pcr.fd 2001/06/04 font definitions for OT1/pcr.
)
LaTeX Font Info:    Font shape `OT1/pcr/m/it' in size <10> not available
(Font)              Font shape `OT1/pcr/m/sl' tried instead on input line 400.
LaTeX Font Info:    Try loading font information for OMS+pcr on input line 400.


(/usr/local/texlive/2011/texmf-dist/tex/latex/psnfss/omspcr.fd
File: omspcr.fd 
)
LaTeX Font Info:    Font shape `OMS/pcr/m/it' in size <10> not available
(Font)              Font shape `OMS/cmsy/m/n' tried instead on input line 400.


LaTeX Warning: Citation `howison2011scientific' on page 1 undefined on input li
ne 429.


LaTeX Warning: Citation `hannay2009scientists' on page 1 undefined on input lin
e 429.


LaTeX Warning: Citation `hannay2009scientists' on page 1 undefined on input lin
e 429.


LaTeX Warning: Citation `nguyen2010survey' on page 1 undefined on input line 43
1.


LaTeX Warning: Citation `4222616' on page 1 undefined on input line 431.


LaTeX Warning: Citation `4222616' on page 1 undefined on input line 433.


LaTeX Warning: Citation `basili2008understanding' on page 1 undefined on input 
line 433.


LaTeX Warning: Citation `basili2008understanding' on page 1 undefined on input 
line 435.

[1{/usr/local/texlive/2011/texmf-var/fonts/map/pdftex/updmap/pdftex.map}


]
LaTeX Font Info:    External font `cmex10' loaded for size
(Font)              <7> on input line 453.
LaTeX Font Info:    External font `cmex10' loaded for size
(Font)              <5> on input line 453.


LaTeX Warning: Citation `activelibraries' on page 2 undefined on input line 455
.


LaTeX Warning: Citation `oai:open.ac.uk.OAI2:17673' on page 2 undefined on inpu
t line 463.


LaTeX Warning: Citation `segal2007some' on page 2 undefined on input line 463.


LaTeX Warning: Citation `pane1996usability' on page 2 undefined on input line 4
64.


LaTeX Warning: Citation `pane1996usability' on page 2 undefined on input line 4
70.


LaTeX Warning: Citation `cordy1992hints' on page 2 undefined on input line 472.



LaTeX Warning: Citation `el2001confounding' on page 2 undefined on input line 4
72.


LaTeX Warning: Citation `green1996usability' on page 2 undefined on input line 
474.

[2]

LaTeX Warning: Citation `anderson1985novice' on page 3 undefined on input line 
476.


LaTeX Warning: Citation `green1990programming' on page 3 undefined on input lin
e 478.


LaTeX Warning: Citation `cave2010comparing' on page 3 undefined on input line 4
81.


LaTeX Warning: Citation `harris2003language' on page 3 undefined on input line 
482.


Underfull \hbox (badness 10000) in paragraph at lines 486--487
 \OT1/ptm/m/it/10 3) Ex-ten-si-bil-ity: [][] \OT1/ptm/m/n/10 Al-though sup-port
 for mul-ti-ple
 []


LaTeX Warning: Citation `Kiczales91' on page 3 undefined on input line 488.


LaTeX Warning: Citation `sheard2002template' on page 3 undefined on input line 
490.


LaTeX Warning: Citation `clements2008comparison' on page 3 undefined on input l
ine 492.


LaTeX Warning: Citation `fowler2010domain' on page 3 undefined on input line 49
4.

[3]

LaTeX Warning: Citation `malayeri2009structural' on page 4 undefined on input l
ine 505.


LaTeX Warning: Citation `basili2008understanding' on page 4 undefined on input 
line 508.


LaTeX Warning: Citation `tapl' on page 4 undefined on input line 508.


LaTeX Warning: Citation `oai:open.ac.uk.OAI2:17673' on page 4 undefined on inpu
t line 513.


LaTeX Warning: Citation `tapl' on page 4 undefined on input line 517.


LaTeX Warning: Citation `oai:open.ac.uk.OAI2:17673' on page 4 undefined on inpu
t line 519.


LaTeX Warning: Citation `hannay2009scientists' on page 4 undefined on input lin
e 519.

[4]

LaTeX Warning: Citation `howison2011scientific' on page 5 undefined on input li
ne 522.


LaTeX Warning: Citation `basili2008understanding' on page 5 undefined on input 
line 525.


LaTeX Warning: Citation `squires2005programmers' on page 5 undefined on input l
ine 525.


LaTeX Warning: Citation `hannay2009scientists' on page 5 undefined on input lin
e 530.


LaTeX Warning: Citation `basili2008understanding' on page 5 undefined on input 
line 530.


LaTeX Warning: Citation `fatahalian2006sequoia' on page 5 undefined on input li
ne 532.


LaTeX Warning: Citation `marceau2011measuring' on page 5 undefined on input lin
e 535.


LaTeX Warning: Citation `squires2005programmers' on page 5 undefined on input l
ine 539.


LaTeX Warning: Citation `charles2005x10' on page 5 undefined on input line 544.


[5]

LaTeX Warning: Citation `basili2008understanding' on page 6 undefined on input 
line 553.

LaTeX Font Info:    External font `cmex10' loaded for size
(Font)              <8> on input line 585.
LaTeX Font Info:    External font `cmex10' loaded for size
(Font)              <6> on input line 585.

Underfull \hbox (badness 4048) in paragraph at lines 585--585
\OT1/ptm/m/n/8 Figure 1.   Data-parallel higher-order map in $[]$. The
 []


Overfull \hbox (4.48846pt too wide) in paragraph at lines 600--600
[]\OT1/pcr/m/n/9 __kernel void map_sin_dbl(__global double *in,[] 
 []


Overfull \hbox (9.88846pt too wide) in paragraph at lines 600--600
[]                          \OT1/pcr/m/n/9 __global double *out)[] 
 []


LaTeX Warning: Citation `tapl' on page 6 undefined on input line 613.

[6]

LaTeX Warning: Citation `malayeri2009structural' on page 7 undefined on input l
ine 623.

LaTeX Font Info:    Font shape `OT1/phv/m/it' in size <10> not available
(Font)              Font shape `OT1/phv/m/sl' tried instead on input line 632.

LaTeX Warning: Citation `activelibraries' on page 7 undefined on input line 633
.

[7]
Overfull \hbox (4.48846pt too wide) in paragraph at lines 677--677
[]    \OT1/pcr/m/n/9 global_size=d_in.shape, local_size=(128,))[] 
 []


Overfull \hbox (4.48846pt too wide) in paragraph at lines 712--712
[]  \OT1/pcr/m/n/9 def __init__(self, target_type, addr_space):[] 
 []


Overfull \hbox (9.88846pt too wide) in paragraph at lines 712--712
[]  \OT1/pcr/m/n/9 def translate_Subscript(self, context, node):[] 
 []

[8] [9]

LaTeX Warning: Citation `cave2010comparing' on page 10 undefined on input line 
745.


LaTeX Warning: Citation `conf/cefp/Kennedy09' on page 10 undefined on input lin
e 748.


Underfull \hbox (badness 3668) in paragraph at lines 748--749
 \OT1/ptm/m/it/10 Domain-Specific Type Sys-tems: [][] $[]$ \OT1/ptm/m/n/10 is a

 []


LaTeX Warning: Citation `yang2010gpgpu' on page 10 undefined on input line 751.



LaTeX Warning: Citation `yang2010gpgpu' on page 10 undefined on input line 751.



Underfull \hbox (badness 10000) in paragraph at lines 754--755
 \OT1/ptm/m/it/10 In-stru-men-ta-tion: [][] \OT1/ptm/m/n/10 Sev-eral so-phis-ti
-cated feedback-
 []


Underfull \hbox (badness 1939) in paragraph at lines 754--755
\OT1/ptm/m/n/10 directed op-ti-miza-tions and adap-tive run-time pro-to-cols
 []


LaTeX Warning: Citation `neurobook' on page 10 undefined on input line 763.

[10]

LaTeX Warning: Citation `klockner2011pycuda' on page 11 undefined on input line
 779.


Overfull \hbox (4.48846pt too wide) in paragraph at lines 812--812
[]    \OT1/pcr/m/n/9 idx_state = idx_model + (realization_num -[] 
 []


Overfull \hbox (9.88846pt too wide) in paragraph at lines 812--812
[]    \OT1/pcr/m/n/9 """ << g  # << appends to code generator, g[] 
 []


Overfull \hbox (4.48846pt too wide) in paragraph at lines 812--812
[]    \OT1/pcr/m/n/9 self.insert_cg_hook("calculate_inputs", g)[] 
 []


Overfull \hbox (15.28845pt too wide) in paragraph at lines 812--812
[]    \OT1/pcr/m/n/9 self.insert_cg_hook("state_calculations", g)[] 
 []


Overfull \hbox (4.48846pt too wide) in paragraph at lines 812--812
[]    \OT1/pcr/m/n/9 self.insert_cg_hook("spike_processing", g)[] 
 []

No file clq-ipdps13.bbl.

** Conference Paper **
Before submitting the final camera ready copy, remember to:

 1. Manually equalize the lengths of two columns on the last page
 of your paper;

 2. Ensure that any PostScript and/or PDF output post-processing
 uses only Type 1 fonts and that every step in the generation
 process uses the appropriate paper size.

[11] (./clq-ipdps13.aux)

LaTeX Warning: There were undefined references.

 ) 
Here is how much of TeX's memory you used:
 1166 strings out of 493633
 18880 string characters out of 3143378
 75150 words of memory out of 3000000
 4501 multiletter control sequences out of 15000+200000
 49067 words of font info for 90 fonts, out of 3000000 for 9000
 834 hyphenation exceptions out of 8191
 26i,8n,20p,1354b,310s stack positions out of 5000i,500n,10000p,200000b,50000s
{/usr/local/texlive/2011/texmf-dist/fonts/enc/dvips/base/8r.enc}</usr/local/t
exlive/2011/texmf-dist/fonts/type1/public/amsfonts/cm/cmsy10.pfb></usr/local/te
xlive/2011/texmf-dist/fonts/type1/public/amsfonts/cm/cmsy7.pfb></usr/local/texl
ive/2011/texmf-dist/fonts/type1/urw/courier/ucrr8a.pfb></usr/local/texlive/2011
/texmf-dist/fonts/type1/urw/courier/ucrro8a.pfb></usr/local/texlive/2011/texmf-
dist/fonts/type1/urw/helvetic/uhvb8a.pfb></usr/local/texlive/2011/texmf-dist/fo
nts/type1/urw/helvetic/uhvr8a.pfb></usr/local/texlive/2011/texmf-dist/fonts/typ
e1/urw/helvetic/uhvro8a.pfb></usr/local/texlive/2011/texmf-dist/fonts/type1/urw
/times/utmb8a.pfb></usr/local/texlive/2011/texmf-dist/fonts/type1/urw/times/utm
bi8a.pfb></usr/local/texlive/2011/texmf-dist/fonts/type1/urw/times/utmr8a.pfb><
/usr/local/texlive/2011/texmf-dist/fonts/type1/urw/times/utmri8a.pfb>
Output written on clq-ipdps13.pdf (11 pages, 165379 bytes).
PDF statistics:
 85 PDF objects out of 1000 (max. 8388607)
 60 compressed objects within 1 object stream
 0 named destinations out of 1000 (max. 500000)
 1 words of extra memory for PDF output out of 10000 (max. 10000000)

