This is pdfTeX, Version 3.1415926-2.5-1.40.14 (TeX Live 2013) (format=pdflatex 2013.5.30)  12 OCT 2013 01:08
entering extended mode
 restricted \write18 enabled.
 %&-line parsing enabled.
**macros-atlam.tex -recorder
(./macros-atlam.tex
LaTeX2e <2011/06/27>
Babel <3.9f> and hyphenation patterns for 78 languages loaded.
)

! LaTeX Error: Missing \begin{document}.

See the LaTeX manual or LaTeX Companion for explanation.
Type  H <return>  for immediate help.
 ...                                              
                                                  
<*> macros-atlam.tex -
                      recorder
You're in trouble here.  Try typing  <return>  to proceed.
If that doesn't work, type  X <return>  to quit.

Missing character: There is no - in font nullfont!
Missing character: There is no r in font nullfont!
Missing character: There is no e in font nullfont!
Missing character: There is no c in font nullfont!
Missing character: There is no o in font nullfont!
Missing character: There is no r in font nullfont!
Missing character: There is no d in font nullfont!
Missing character: There is no e in font nullfont!
Missing character: There is no r in font nullfont!
! Emergency stop.
<*> macros-atlam.tex -recorder
                              
*** (job aborted, no legal \end found)

 
Here is how much of TeX's memory you used:
 231 strings out of 493315
 1603 string characters out of 6137904
 52158 words of memory out of 5000000
 3783 multiletter control sequences out of 15000+600000
 3640 words of font info for 14 fonts, out of 8000000 for 9000
 957 hyphenation exceptions out of 8191
 7i,0n,6p,145b,14s stack positions out of 5000i,500n,10000p,200000b,80000s
!  ==> Fatal error occurred, no output PDF file produced!
