\BOOKMARK [0][-]{chapter.1}{1 Motivation}{}% 1
\BOOKMARK [0][-]{chapter.2}{2 Language Overview}{}% 2
\BOOKMARK [1][-]{section.2.1}{2.1 External Language}{chapter.2}% 3
\BOOKMARK [1][-]{section.2.2}{2.2 Internal Language}{chapter.2}% 4
\BOOKMARK [1][-]{section.2.3}{2.3 Static Language}{chapter.2}% 5
\BOOKMARK [1][-]{section.2.4}{2.4 Module Language}{chapter.2}% 6
\BOOKMARK [-1][-]{part.1}{I Modularly Programmable Syntax}{}% 7
\BOOKMARK [0][-]{chapter.3}{3 Motivating Examples}{part.1}% 8
\BOOKMARK [1][-]{section.3.1}{3.1 Lists}{chapter.3}% 9
\BOOKMARK [1][-]{section.3.2}{3.2 HTML}{chapter.3}% 10
\BOOKMARK [1][-]{section.3.3}{3.3 Regular Expressions}{chapter.3}% 11
\BOOKMARK [1][-]{section.3.4}{3.4 Monadic Commands}{chapter.3}% 12
\BOOKMARK [1][-]{section.3.5}{3.5 Quasiquotation}{chapter.3}% 13
\BOOKMARK [0][-]{chapter.4}{4 Existing Approaches}{part.1}% 14
\BOOKMARK [1][-]{section.4.1}{4.1 Dynamic String Parsing}{chapter.4}% 15
\BOOKMARK [1][-]{section.4.2}{4.2 Direct Syntax Extension}{chapter.4}% 16
\BOOKMARK [1][-]{section.4.3}{4.3 Term Rewriting}{chapter.4}% 17
\BOOKMARK [0][-]{chapter.5}{5 Typed Syntax Macros}{part.1}% 18
\BOOKMARK [1][-]{section.5.1}{5.1 Examples}{chapter.5}% 19
\BOOKMARK [1][-]{section.5.2}{5.2 Minimal Formalization}{chapter.5}% 20
\BOOKMARK [1][-]{section.5.3}{5.3 Parameterized TSMs}{chapter.5}% 21
\BOOKMARK [0][-]{chapter.6}{6 Type-Specific Languages}{part.1}% 22
\BOOKMARK [1][-]{section.6.1}{6.1 Examples}{chapter.6}% 23
\BOOKMARK [1][-]{section.6.2}{6.2 Minimal Formalization}{chapter.6}% 24
\BOOKMARK [1][-]{section.6.3}{6.3 Parameterized TSLs}{chapter.6}% 25
\BOOKMARK [-1][-]{part.2}{II Modularly Programmable Type Structure}{}% 26
\BOOKMARK [0][-]{chapter.7}{7 Motivating Examples}{part.2}% 27
\BOOKMARK [0][-]{chapter.8}{8 Existing Approaches}{part.2}% 28
\BOOKMARK [0][-]{chapter.9}{9 Metamodules}{part.2}% 29
\BOOKMARK [0][-]{chapter.10}{10 Conclusion \046 Future Work}{part.2}% 30
