This is XeTeX, Version 3.1415926-2.5-0.9999.3 (TeX Live 2013) (format=xelatex 2013.5.30)  3 JUL 2014 17:20
entering extended mode
 restricted \write18 enabled.
 %&-line parsing enabled.
**macros-atlam.tex
(./macros-atlam.tex
LaTeX2e <2011/06/27>
Babel <3.9f> and hyphenation patterns for 78 languages loaded.
)
*
! Emergency stop.
<*> macros-atlam.tex
                    
End of file on the terminal!

 
Here is how much of TeX's memory you used:
 240 strings out of 493938
 1606 string characters out of 6148857
 51899 words of memory out of 5000000
 3644 multiletter control sequences out of 15000+600000
 3640 words of font info for 14 fonts, out of 8000000 for 9000
 1144 hyphenation exceptions out of 8191
 7i,0n,6p,143b,8s stack positions out of 5000i,500n,10000p,200000b,80000s
No pages of output.
