This is XeTeX, Version 3.1415926-2.5-0.9999.3 (TeX Live 2013) (format=xelatex 2013.5.30)  3 JUL 2014 17:20
entering extended mode
 restricted \write18 enabled.
 %&-line parsing enabled.
**syntax-table.tex
(./syntax-table.tex
LaTeX2e <2011/06/27>
Babel <3.9f> and hyphenation patterns for 78 languages loaded.

! LaTeX Error: Missing \begin{document}.

See the LaTeX manual or LaTeX Companion for explanation.
Type  H <return>  for immediate help.
 ...                                              
                                                  
l.1 \begin{tabular}
                   {>{$}l<{$}>{$}l<{$}>{$}l<{$}>{$}l<{$}}
? 
! Emergency stop.
 ...                                              
                                                  
l.1 \begin{tabular}
                   {>{$}l<{$}>{$}l<{$}>{$}l<{$}>{$}l<{$}}
You're in trouble here.  Try typing  <return>  to proceed.
If that doesn't work, type  X <return>  to quit.

 
Here is how much of TeX's memory you used:
 5 strings out of 493938
 195 string characters out of 6148857
 51899 words of memory out of 5000000
 3408 multiletter control sequences out of 15000+600000
 3640 words of font info for 14 fonts, out of 8000000 for 9000
 1144 hyphenation exceptions out of 8191
 7i,0n,4p,80b,21s stack positions out of 5000i,500n,10000p,200000b,80000s
No pages of output.
