\BOOKMARK [1][-]{section.1}{Terminology and Notation}{}% 1
<<<<<<< HEAD
\BOOKMARK [1][-]{section.2}{RS}{}% 2
\BOOKMARK [2][-]{subsection.2.1}{Head and Tail Operations}{section.2}% 3
\BOOKMARK [2][-]{subsection.2.2}{Some Corollaries About Substitution and Language Replacement}{section.2}% 4
\BOOKMARK [2][-]{subsection.2.3}{The Small Step Semantics}{section.2}% 5
\BOOKMARK [3][-]{subsubsection.2.3.1}{Semantic Correspondence between Big and Small Step Semantics for RS}{subsection.2.3}% 6
\BOOKMARK [2][-]{subsection.2.4}{Extension of Safety for Small Step Semantics}{section.2}% 7
\BOOKMARK [3][-]{subsubsection.2.4.1}{The Security Theorem}{subsection.2.4}% 8
\BOOKMARK [1][-]{section.3}{Proofs of Lemmas and Theorems About P}{}% 9
\BOOKMARK [1][-]{section.4}{Proofs and Lemmas and Theorems About Translation}{}% 10
=======
\BOOKMARK [1][-]{section.2}{Regular Expressions}{}% 2
\BOOKMARK [1][-]{section.3}{RS}{}% 3
\BOOKMARK [2][-]{subsection.3.1}{Head and Tail Operations}{section.3}% 4
\BOOKMARK [2][-]{subsection.3.2}{Replacement}{section.3}% 5
\BOOKMARK [2][-]{subsection.3.3}{Small Step Semantics of RS}{section.3}% 6
\BOOKMARK [3][-]{subsubsection.3.3.1}{Semantic Correspondence between Big and Small Step Semantics for RS}{subsection.3.3}% 7
\BOOKMARK [2][-]{subsection.3.4}{Extension of Safety for Small Step Semantics}{section.3}% 8
\BOOKMARK [3][-]{subsubsection.3.4.1}{The Security Theorem}{subsection.3.4}% 9
\BOOKMARK [1][-]{section.4}{Proofs of Lemmas and Theorems About P}{}% 10
\BOOKMARK [1][-]{section.5}{Proofs and Lemmas and Theorems About Translation}{}% 11
>>>>>>> 15fe1f3b63a907df19382ffc8489b4dfeb87a7e1
